DEBUG - 2025-03-13 10:30:37 --> Session: Class initialized using 'CodeIgniter\Session\Handlers\FileHandler' driver.
WARNING - 2025-03-13 10:30:37 --> Session: Sessions is enabled, and one exists. Please don't $session->start();
DEBUG - 2025-03-13 10:30:37 --> Session: Class initialized using 'CodeIgniter\Session\Handlers\FileHandler' driver.
DEBUG - 2025-03-13 10:30:49 --> Session: Class initialized using 'CodeIgniter\Session\Handlers\FileHandler' driver.
DEBUG - 2025-03-13 10:30:49 --> Session: Class initialized using 'CodeIgniter\Session\Handlers\FileHandler' driver.
DEBUG - 2025-03-13 10:30:55 --> Session: Class initialized using 'CodeIgniter\Session\Handlers\FileHandler' driver.
DEBUG - 2025-03-13 10:30:55 --> Session: Class initialized using 'CodeIgniter\Session\Handlers\FileHandler' driver.
WARNING - 2025-03-13 10:30:55 --> [DEPRECATED] Creation of dynamic property App\Controllers\Quiz::$db is deprecated in APPPATH/Controllers/Quiz.php on line 35.
 1 SYSTEMPATH/CodeIgniter.php(903): App\Controllers\Quiz->__construct()
 2 SYSTEMPATH/CodeIgniter.php(498): CodeIgniter\CodeIgniter->createController()
 3 SYSTEMPATH/CodeIgniter.php(354): CodeIgniter\CodeIgniter->handleRequest(null, Object(Config\Cache), false)
 4 SYSTEMPATH/Boot.php(334): CodeIgniter\CodeIgniter->run()
 5 SYSTEMPATH/Boot.php(67): CodeIgniter\Boot::runCodeIgniter(Object(CodeIgniter\CodeIgniter))
 6 FCPATH/index.php(56): CodeIgniter\Boot::bootWeb(Object(Config\Paths))
WARNING - 2025-03-13 10:30:55 --> Session: Sessions is enabled, and one exists. Please don't $session->start();
WARNING - 2025-03-13 10:30:55 --> [DEPRECATED] Creation of dynamic property App\Controllers\Quiz::$user is deprecated in APPPATH/Controllers/Quiz.php on line 41.
 1 SYSTEMPATH/CodeIgniter.php(903): App\Controllers\Quiz->__construct()
 2 SYSTEMPATH/CodeIgniter.php(498): CodeIgniter\CodeIgniter->createController()
 3 SYSTEMPATH/CodeIgniter.php(354): CodeIgniter\CodeIgniter->handleRequest(null, Object(Config\Cache), false)
 4 SYSTEMPATH/Boot.php(334): CodeIgniter\CodeIgniter->run()
 5 SYSTEMPATH/Boot.php(67): CodeIgniter\Boot::runCodeIgniter(Object(CodeIgniter\CodeIgniter))
 6 FCPATH/index.php(56): CodeIgniter\Boot::bootWeb(Object(Config\Paths))
WARNING - 2025-03-13 10:30:55 --> [DEPRECATED] Creation of dynamic property App\Controllers\Quiz::$user_id is deprecated in APPPATH/Controllers/Quiz.php on line 42.
 1 SYSTEMPATH/CodeIgniter.php(903): App\Controllers\Quiz->__construct()
 2 SYSTEMPATH/CodeIgniter.php(498): CodeIgniter\CodeIgniter->createController()
 3 SYSTEMPATH/CodeIgniter.php(354): CodeIgniter\CodeIgniter->handleRequest(null, Object(Config\Cache), false)
 4 SYSTEMPATH/Boot.php(334): CodeIgniter\CodeIgniter->run()
 5 SYSTEMPATH/Boot.php(67): CodeIgniter\Boot::runCodeIgniter(Object(CodeIgniter\CodeIgniter))
 6 FCPATH/index.php(56): CodeIgniter\Boot::bootWeb(Object(Config\Paths))
WARNING - 2025-03-13 10:30:55 --> [DEPRECATED] Creation of dynamic property App\Models\QuizModel::$user is deprecated in APPPATH/Models/QuizModel.php on line 109.
 1 APPPATH/Controllers/Quiz.php(299): App\Models\QuizModel->get_quiz()
 2 SYSTEMPATH/CodeIgniter.php(933): App\Controllers\Quiz->display()
 3 SYSTEMPATH/CodeIgniter.php(507): CodeIgniter\CodeIgniter->runController(Object(App\Controllers\Quiz))
 4 SYSTEMPATH/CodeIgniter.php(354): CodeIgniter\CodeIgniter->handleRequest(null, Object(Config\Cache), false)
 5 SYSTEMPATH/Boot.php(334): CodeIgniter\CodeIgniter->run()
 6 SYSTEMPATH/Boot.php(67): CodeIgniter\Boot::runCodeIgniter(Object(CodeIgniter\CodeIgniter))
 7 FCPATH/index.php(56): CodeIgniter\Boot::bootWeb(Object(Config\Paths))
DEBUG - 2025-03-13 10:30:56 --> Session: Class initialized using 'CodeIgniter\Session\Handlers\FileHandler' driver.
DEBUG - 2025-03-13 10:30:59 --> Session: Class initialized using 'CodeIgniter\Session\Handlers\FileHandler' driver.
DEBUG - 2025-03-13 10:30:59 --> Session: Class initialized using 'CodeIgniter\Session\Handlers\FileHandler' driver.
DEBUG - 2025-03-13 10:31:05 --> Session: Class initialized using 'CodeIgniter\Session\Handlers\FileHandler' driver.
DEBUG - 2025-03-13 10:31:05 --> Session: Class initialized using 'CodeIgniter\Session\Handlers\FileHandler' driver.
DEBUG - 2025-03-13 10:31:08 --> Session: Class initialized using 'CodeIgniter\Session\Handlers\FileHandler' driver.
WARNING - 2025-03-13 10:31:08 --> [DEPRECATED] Creation of dynamic property App\Controllers\Quiz::$db is deprecated in APPPATH/Controllers/Quiz.php on line 35.
 1 SYSTEMPATH/CodeIgniter.php(903): App\Controllers\Quiz->__construct()
 2 SYSTEMPATH/CodeIgniter.php(498): CodeIgniter\CodeIgniter->createController()
 3 SYSTEMPATH/CodeIgniter.php(354): CodeIgniter\CodeIgniter->handleRequest(null, Object(Config\Cache), false)
 4 SYSTEMPATH/Boot.php(334): CodeIgniter\CodeIgniter->run()
 5 SYSTEMPATH/Boot.php(67): CodeIgniter\Boot::runCodeIgniter(Object(CodeIgniter\CodeIgniter))
 6 FCPATH/index.php(56): CodeIgniter\Boot::bootWeb(Object(Config\Paths))
WARNING - 2025-03-13 10:31:08 --> Session: Sessions is enabled, and one exists. Please don't $session->start();
WARNING - 2025-03-13 10:31:08 --> [DEPRECATED] Creation of dynamic property App\Controllers\Quiz::$user is deprecated in APPPATH/Controllers/Quiz.php on line 41.
 1 SYSTEMPATH/CodeIgniter.php(903): App\Controllers\Quiz->__construct()
 2 SYSTEMPATH/CodeIgniter.php(498): CodeIgniter\CodeIgniter->createController()
 3 SYSTEMPATH/CodeIgniter.php(354): CodeIgniter\CodeIgniter->handleRequest(null, Object(Config\Cache), false)
 4 SYSTEMPATH/Boot.php(334): CodeIgniter\CodeIgniter->run()
 5 SYSTEMPATH/Boot.php(67): CodeIgniter\Boot::runCodeIgniter(Object(CodeIgniter\CodeIgniter))
 6 FCPATH/index.php(56): CodeIgniter\Boot::bootWeb(Object(Config\Paths))
WARNING - 2025-03-13 10:31:08 --> [DEPRECATED] Creation of dynamic property App\Controllers\Quiz::$user_id is deprecated in APPPATH/Controllers/Quiz.php on line 42.
 1 SYSTEMPATH/CodeIgniter.php(903): App\Controllers\Quiz->__construct()
 2 SYSTEMPATH/CodeIgniter.php(498): CodeIgniter\CodeIgniter->createController()
 3 SYSTEMPATH/CodeIgniter.php(354): CodeIgniter\CodeIgniter->handleRequest(null, Object(Config\Cache), false)
 4 SYSTEMPATH/Boot.php(334): CodeIgniter\CodeIgniter->run()
 5 SYSTEMPATH/Boot.php(67): CodeIgniter\Boot::runCodeIgniter(Object(CodeIgniter\CodeIgniter))
 6 FCPATH/index.php(56): CodeIgniter\Boot::bootWeb(Object(Config\Paths))
WARNING - 2025-03-13 10:31:08 --> [DEPRECATED] Creation of dynamic property App\Models\QuizModel::$user is deprecated in APPPATH/Models/QuizModel.php on line 109.
 1 APPPATH/Controllers/Quiz.php(299): App\Models\QuizModel->get_quiz()
 2 SYSTEMPATH/CodeIgniter.php(933): App\Controllers\Quiz->display()
 3 SYSTEMPATH/CodeIgniter.php(507): CodeIgniter\CodeIgniter->runController(Object(App\Controllers\Quiz))
 4 SYSTEMPATH/CodeIgniter.php(354): CodeIgniter\CodeIgniter->handleRequest(null, Object(Config\Cache), false)
 5 SYSTEMPATH/Boot.php(334): CodeIgniter\CodeIgniter->run()
 6 SYSTEMPATH/Boot.php(67): CodeIgniter\Boot::runCodeIgniter(Object(CodeIgniter\CodeIgniter))
 7 FCPATH/index.php(56): CodeIgniter\Boot::bootWeb(Object(Config\Paths))
DEBUG - 2025-03-13 10:31:08 --> Session: Class initialized using 'CodeIgniter\Session\Handlers\FileHandler' driver.
DEBUG - 2025-03-13 10:31:11 --> Session: Class initialized using 'CodeIgniter\Session\Handlers\FileHandler' driver.
WARNING - 2025-03-13 10:31:11 --> Session: Sessions is enabled, and one exists. Please don't $session->start();
DEBUG - 2025-03-13 10:31:11 --> Session: Class initialized using 'CodeIgniter\Session\Handlers\FileHandler' driver.
DEBUG - 2025-03-13 10:32:44 --> Session: Class initialized using 'CodeIgniter\Session\Handlers\FileHandler' driver.
WARNING - 2025-03-13 10:32:44 --> [DEPRECATED] Creation of dynamic property App\Controllers\Quiz::$db is deprecated in APPPATH/Controllers/Quiz.php on line 35.
 1 SYSTEMPATH/CodeIgniter.php(903): App\Controllers\Quiz->__construct()
 2 SYSTEMPATH/CodeIgniter.php(498): CodeIgniter\CodeIgniter->createController()
 3 SYSTEMPATH/CodeIgniter.php(354): CodeIgniter\CodeIgniter->handleRequest(null, Object(Config\Cache), false)
 4 SYSTEMPATH/Boot.php(334): CodeIgniter\CodeIgniter->run()
 5 SYSTEMPATH/Boot.php(67): CodeIgniter\Boot::runCodeIgniter(Object(CodeIgniter\CodeIgniter))
 6 FCPATH/index.php(56): CodeIgniter\Boot::bootWeb(Object(Config\Paths))
WARNING - 2025-03-13 10:32:44 --> Session: Sessions is enabled, and one exists. Please don't $session->start();
WARNING - 2025-03-13 10:32:44 --> [DEPRECATED] Creation of dynamic property App\Models\QuizModel::$request is deprecated in APPPATH/Models/QuizModel.php on line 152.
 1 APPPATH/Controllers/Quiz.php(450): App\Models\QuizModel->get_teachers_names()
 2 SYSTEMPATH/CodeIgniter.php(933): App\Controllers\Quiz->find_teacher()
 3 SYSTEMPATH/CodeIgniter.php(507): CodeIgniter\CodeIgniter->runController(Object(App\Controllers\Quiz))
 4 SYSTEMPATH/CodeIgniter.php(354): CodeIgniter\CodeIgniter->handleRequest(null, Object(Config\Cache), false)
 5 SYSTEMPATH/Boot.php(334): CodeIgniter\CodeIgniter->run()
 6 SYSTEMPATH/Boot.php(67): CodeIgniter\Boot::runCodeIgniter(Object(CodeIgniter\CodeIgniter))
 7 FCPATH/index.php(56): CodeIgniter\Boot::bootWeb(Object(Config\Paths))
DEBUG - 2025-03-13 10:32:44 --> Session: Class initialized using 'CodeIgniter\Session\Handlers\FileHandler' driver.
DEBUG - 2025-03-13 10:32:49 --> Session: Class initialized using 'CodeIgniter\Session\Handlers\FileHandler' driver.
WARNING - 2025-03-13 10:32:49 --> [DEPRECATED] Creation of dynamic property App\Controllers\Quiz::$db is deprecated in APPPATH/Controllers/Quiz.php on line 35.
 1 SYSTEMPATH/CodeIgniter.php(903): App\Controllers\Quiz->__construct()
 2 SYSTEMPATH/CodeIgniter.php(498): CodeIgniter\CodeIgniter->createController()
 3 SYSTEMPATH/CodeIgniter.php(354): CodeIgniter\CodeIgniter->handleRequest(null, Object(Config\Cache), false)
 4 SYSTEMPATH/Boot.php(334): CodeIgniter\CodeIgniter->run()
 5 SYSTEMPATH/Boot.php(67): CodeIgniter\Boot::runCodeIgniter(Object(CodeIgniter\CodeIgniter))
 6 FCPATH/index.php(56): CodeIgniter\Boot::bootWeb(Object(Config\Paths))
WARNING - 2025-03-13 10:32:49 --> Session: Sessions is enabled, and one exists. Please don't $session->start();
WARNING - 2025-03-13 10:32:49 --> [DEPRECATED] Creation of dynamic property App\Models\QuizModel::$request is deprecated in APPPATH/Models/QuizModel.php on line 127.
 1 APPPATH/Controllers/Quiz.php(75): App\Models\QuizModel->get_teachers_quiz()
 2 SYSTEMPATH/CodeIgniter.php(933): App\Controllers\Quiz->find_teachers_quiz()
 3 SYSTEMPATH/CodeIgniter.php(507): CodeIgniter\CodeIgniter->runController(Object(App\Controllers\Quiz))
 4 SYSTEMPATH/CodeIgniter.php(354): CodeIgniter\CodeIgniter->handleRequest(null, Object(Config\Cache), false)
 5 SYSTEMPATH/Boot.php(334): CodeIgniter\CodeIgniter->run()
 6 SYSTEMPATH/Boot.php(67): CodeIgniter\Boot::runCodeIgniter(Object(CodeIgniter\CodeIgniter))
 7 FCPATH/index.php(56): CodeIgniter\Boot::bootWeb(Object(Config\Paths))
WARNING - 2025-03-13 10:32:49 --> [DEPRECATED] Creation of dynamic property CodeIgniter\View\View::$session is deprecated in APPPATH/Views/pages/quiz/take_quiz.php on line 5.
 1 SYSTEMPATH/View/View.php(224): include('/Users/alanmartin/Sites/localhost/QuizApp/Ci4/app/Views/pages/quiz/take_quiz.php')
 2 SYSTEMPATH/View/View.php(227): CodeIgniter\View\View->CodeIgniter\View\{closure}()
 3 SYSTEMPATH/Common.php(1173): CodeIgniter\View\View->render('pages/quiz/take_quiz', [], true)
 4 APPPATH/Controllers/Quiz.php(77): view('pages/quiz/take_quiz', [...])
 5 SYSTEMPATH/CodeIgniter.php(933): App\Controllers\Quiz->find_teachers_quiz()
 6 SYSTEMPATH/CodeIgniter.php(507): CodeIgniter\CodeIgniter->runController(Object(App\Controllers\Quiz))
 7 SYSTEMPATH/CodeIgniter.php(354): CodeIgniter\CodeIgniter->handleRequest(null, Object(Config\Cache), false)
 8 SYSTEMPATH/Boot.php(334): CodeIgniter\CodeIgniter->run()
 9 SYSTEMPATH/Boot.php(67): CodeIgniter\Boot::runCodeIgniter(Object(CodeIgniter\CodeIgniter))
10 FCPATH/index.php(56): CodeIgniter\Boot::bootWeb(Object(Config\Paths))
DEBUG - 2025-03-13 10:32:49 --> Session: Class initialized using 'CodeIgniter\Session\Handlers\FileHandler' driver.
DEBUG - 2025-03-13 10:32:52 --> Session: Class initialized using 'CodeIgniter\Session\Handlers\FileHandler' driver.
WARNING - 2025-03-13 10:32:52 --> Session: Sessions is enabled, and one exists. Please don't $session->start();
DEBUG - 2025-03-13 10:32:52 --> Session: Class initialized using 'CodeIgniter\Session\Handlers\FileHandler' driver.
DEBUG - 2025-03-13 11:11:31 --> Session: Class initialized using 'CodeIgniter\Session\Handlers\FileHandler' driver.
WARNING - 2025-03-13 11:11:31 --> Session: Sessions is enabled, and one exists. Please don't $session->start();
DEBUG - 2025-03-13 11:11:31 --> Session: Class initialized using 'CodeIgniter\Session\Handlers\FileHandler' driver.
DEBUG - 2025-03-13 11:11:38 --> Session: Class initialized using 'CodeIgniter\Session\Handlers\FileHandler' driver.
WARNING - 2025-03-13 11:11:38 --> Session: Sessions is enabled, and one exists. Please don't $session->start();
DEBUG - 2025-03-13 11:11:38 --> Session: Class initialized using 'CodeIgniter\Session\Handlers\FileHandler' driver.
DEBUG - 2025-03-13 11:12:40 --> Session: Class initialized using 'CodeIgniter\Session\Handlers\FileHandler' driver.
WARNING - 2025-03-13 11:12:40 --> Session: Sessions is enabled, and one exists. Please don't $session->start();
DEBUG - 2025-03-13 11:12:40 --> Session: Class initialized using 'CodeIgniter\Session\Handlers\FileHandler' driver.
DEBUG - 2025-03-13 11:12:47 --> Session: Class initialized using 'CodeIgniter\Session\Handlers\FileHandler' driver.
WARNING - 2025-03-13 11:12:47 --> Session: Sessions is enabled, and one exists. Please don't $session->start();
DEBUG - 2025-03-13 11:12:47 --> Session: Class initialized using 'CodeIgniter\Session\Handlers\FileHandler' driver.
DEBUG - 2025-03-13 11:13:05 --> Session: Class initialized using 'CodeIgniter\Session\Handlers\FileHandler' driver.
WARNING - 2025-03-13 11:13:05 --> Session: Sessions is enabled, and one exists. Please don't $session->start();
DEBUG - 2025-03-13 11:13:05 --> Session: Class initialized using 'CodeIgniter\Session\Handlers\FileHandler' driver.
DEBUG - 2025-03-13 11:13:06 --> Session: Class initialized using 'CodeIgniter\Session\Handlers\FileHandler' driver.
WARNING - 2025-03-13 11:13:06 --> Session: Sessions is enabled, and one exists. Please don't $session->start();
DEBUG - 2025-03-13 11:13:06 --> Session: Class initialized using 'CodeIgniter\Session\Handlers\FileHandler' driver.
DEBUG - 2025-03-13 11:13:37 --> Session: Class initialized using 'CodeIgniter\Session\Handlers\FileHandler' driver.
WARNING - 2025-03-13 11:13:37 --> Session: Sessions is enabled, and one exists. Please don't $session->start();
DEBUG - 2025-03-13 11:13:37 --> Session: Class initialized using 'CodeIgniter\Session\Handlers\FileHandler' driver.
DEBUG - 2025-03-13 11:13:38 --> Session: Class initialized using 'CodeIgniter\Session\Handlers\FileHandler' driver.
WARNING - 2025-03-13 11:13:38 --> Session: Sessions is enabled, and one exists. Please don't $session->start();
DEBUG - 2025-03-13 11:13:38 --> Session: Class initialized using 'CodeIgniter\Session\Handlers\FileHandler' driver.
DEBUG - 2025-03-13 11:14:20 --> Session: Class initialized using 'CodeIgniter\Session\Handlers\FileHandler' driver.
WARNING - 2025-03-13 11:14:20 --> Session: Sessions is enabled, and one exists. Please don't $session->start();
DEBUG - 2025-03-13 11:14:20 --> Session: Class initialized using 'CodeIgniter\Session\Handlers\FileHandler' driver.
DEBUG - 2025-03-13 11:15:42 --> Session: Class initialized using 'CodeIgniter\Session\Handlers\FileHandler' driver.
WARNING - 2025-03-13 11:15:42 --> Session: Sessions is enabled, and one exists. Please don't $session->start();
CRITICAL - 2025-03-13 11:15:42 --> ErrorException: Undefined variable $data
[Method: GET, Route: /]
in APPPATH/Controllers/Splash.php on line 31.
 1 APPPATH/Controllers/Splash.php(31): CodeIgniter\Debug\Exceptions->errorHandler(2, 'Undefined variable $data', '/Users/alanmartin/Sites/localhost/QuizApp/Ci4/app/Controllers/Splash.php', 31)
 2 SYSTEMPATH/CodeIgniter.php(933): App\Controllers\Splash->index()
 3 SYSTEMPATH/CodeIgniter.php(507): CodeIgniter\CodeIgniter->runController(Object(App\Controllers\Splash))
 4 SYSTEMPATH/CodeIgniter.php(354): CodeIgniter\CodeIgniter->handleRequest(null, Object(Config\Cache), false)
 5 SYSTEMPATH/Boot.php(334): CodeIgniter\CodeIgniter->run()
 6 SYSTEMPATH/Boot.php(67): CodeIgniter\Boot::runCodeIgniter(Object(CodeIgniter\CodeIgniter))
 7 FCPATH/index.php(56): CodeIgniter\Boot::bootWeb(Object(Config\Paths))
DEBUG - 2025-03-13 11:16:04 --> Session: Class initialized using 'CodeIgniter\Session\Handlers\FileHandler' driver.
WARNING - 2025-03-13 11:16:04 --> Session: Sessions is enabled, and one exists. Please don't $session->start();
DEBUG - 2025-03-13 11:16:04 --> Session: Class initialized using 'CodeIgniter\Session\Handlers\FileHandler' driver.
DEBUG - 2025-03-13 11:17:50 --> Session: Class initialized using 'CodeIgniter\Session\Handlers\FileHandler' driver.
WARNING - 2025-03-13 11:17:50 --> Session: Sessions is enabled, and one exists. Please don't $session->start();
CRITICAL - 2025-03-13 11:17:50 --> CodeIgniter\View\Exceptions\ViewException: Invalid file: "layout/template.php"
[Method: GET, Route: /]
in SYSTEMPATH/Exceptions/FrameworkException.php on line 39.
 1 SYSTEMPATH/View/View.php(212): CodeIgniter\Exceptions\FrameworkException::forInvalidFile('layout/template.php')
 2 SYSTEMPATH/View/View.php(240): CodeIgniter\View\View->render('layout/template', [], true)
 3 SYSTEMPATH/Common.php(1173): CodeIgniter\View\View->render('pages/splash', [], true)
 4 APPPATH/Controllers/Splash.php(31): view('pages/splash')
 5 SYSTEMPATH/CodeIgniter.php(933): App\Controllers\Splash->index()
 6 SYSTEMPATH/CodeIgniter.php(507): CodeIgniter\CodeIgniter->runController(Object(App\Controllers\Splash))
 7 SYSTEMPATH/CodeIgniter.php(354): CodeIgniter\CodeIgniter->handleRequest(null, Object(Config\Cache), false)
 8 SYSTEMPATH/Boot.php(334): CodeIgniter\CodeIgniter->run()
 9 SYSTEMPATH/Boot.php(67): CodeIgniter\Boot::runCodeIgniter(Object(CodeIgniter\CodeIgniter))
10 FCPATH/index.php(56): CodeIgniter\Boot::bootWeb(Object(Config\Paths))
DEBUG - 2025-03-13 11:18:36 --> Session: Class initialized using 'CodeIgniter\Session\Handlers\FileHandler' driver.
WARNING - 2025-03-13 11:18:36 --> Session: Sessions is enabled, and one exists. Please don't $session->start();
CRITICAL - 2025-03-13 11:18:36 --> CodeIgniter\View\Exceptions\ViewException: Invalid file: "layout/app.php"
[Method: GET, Route: /]
in SYSTEMPATH/Exceptions/FrameworkException.php on line 39.
 1 SYSTEMPATH/View/View.php(212): CodeIgniter\Exceptions\FrameworkException::forInvalidFile('layout/app.php')
 2 SYSTEMPATH/View/View.php(240): CodeIgniter\View\View->render('layout/app', [], true)
 3 SYSTEMPATH/Common.php(1173): CodeIgniter\View\View->render('pages/splash', [], true)
 4 APPPATH/Controllers/Splash.php(31): view('pages/splash')
 5 SYSTEMPATH/CodeIgniter.php(933): App\Controllers\Splash->index()
 6 SYSTEMPATH/CodeIgniter.php(507): CodeIgniter\CodeIgniter->runController(Object(App\Controllers\Splash))
 7 SYSTEMPATH/CodeIgniter.php(354): CodeIgniter\CodeIgniter->handleRequest(null, Object(Config\Cache), false)
 8 SYSTEMPATH/Boot.php(334): CodeIgniter\CodeIgniter->run()
 9 SYSTEMPATH/Boot.php(67): CodeIgniter\Boot::runCodeIgniter(Object(CodeIgniter\CodeIgniter))
10 FCPATH/index.php(56): CodeIgniter\Boot::bootWeb(Object(Config\Paths))
DEBUG - 2025-03-13 11:18:37 --> Session: Class initialized using 'CodeIgniter\Session\Handlers\FileHandler' driver.
WARNING - 2025-03-13 11:18:37 --> Session: Sessions is enabled, and one exists. Please don't $session->start();
CRITICAL - 2025-03-13 11:18:37 --> CodeIgniter\View\Exceptions\ViewException: Invalid file: "layout/app.php"
[Method: GET, Route: /]
in SYSTEMPATH/Exceptions/FrameworkException.php on line 39.
 1 SYSTEMPATH/View/View.php(212): CodeIgniter\Exceptions\FrameworkException::forInvalidFile('layout/app.php')
 2 SYSTEMPATH/View/View.php(240): CodeIgniter\View\View->render('layout/app', [], true)
 3 SYSTEMPATH/Common.php(1173): CodeIgniter\View\View->render('pages/splash', [], true)
 4 APPPATH/Controllers/Splash.php(31): view('pages/splash')
 5 SYSTEMPATH/CodeIgniter.php(933): App\Controllers\Splash->index()
 6 SYSTEMPATH/CodeIgniter.php(507): CodeIgniter\CodeIgniter->runController(Object(App\Controllers\Splash))
 7 SYSTEMPATH/CodeIgniter.php(354): CodeIgniter\CodeIgniter->handleRequest(null, Object(Config\Cache), false)
 8 SYSTEMPATH/Boot.php(334): CodeIgniter\CodeIgniter->run()
 9 SYSTEMPATH/Boot.php(67): CodeIgniter\Boot::runCodeIgniter(Object(CodeIgniter\CodeIgniter))
10 FCPATH/index.php(56): CodeIgniter\Boot::bootWeb(Object(Config\Paths))
DEBUG - 2025-03-13 11:19:18 --> Session: Class initialized using 'CodeIgniter\Session\Handlers\FileHandler' driver.
WARNING - 2025-03-13 11:19:18 --> Session: Sessions is enabled, and one exists. Please don't $session->start();
DEBUG - 2025-03-13 11:19:18 --> Session: Class initialized using 'CodeIgniter\Session\Handlers\FileHandler' driver.
DEBUG - 2025-03-13 11:19:51 --> Session: Class initialized using 'CodeIgniter\Session\Handlers\FileHandler' driver.
WARNING - 2025-03-13 11:19:51 --> Session: Sessions is enabled, and one exists. Please don't $session->start();
DEBUG - 2025-03-13 11:19:51 --> Session: Class initialized using 'CodeIgniter\Session\Handlers\FileHandler' driver.
DEBUG - 2025-03-13 11:20:42 --> Session: Class initialized using 'CodeIgniter\Session\Handlers\FileHandler' driver.
WARNING - 2025-03-13 11:20:42 --> Session: Sessions is enabled, and one exists. Please don't $session->start();
DEBUG - 2025-03-13 11:20:42 --> Session: Class initialized using 'CodeIgniter\Session\Handlers\FileHandler' driver.
DEBUG - 2025-03-13 11:20:43 --> Session: Class initialized using 'CodeIgniter\Session\Handlers\FileHandler' driver.
WARNING - 2025-03-13 11:20:43 --> Session: Sessions is enabled, and one exists. Please don't $session->start();
DEBUG - 2025-03-13 11:20:43 --> Session: Class initialized using 'CodeIgniter\Session\Handlers\FileHandler' driver.
DEBUG - 2025-03-13 11:21:19 --> Session: Class initialized using 'CodeIgniter\Session\Handlers\FileHandler' driver.
WARNING - 2025-03-13 11:21:19 --> Session: Sessions is enabled, and one exists. Please don't $session->start();
DEBUG - 2025-03-13 11:21:19 --> Session: Class initialized using 'CodeIgniter\Session\Handlers\FileHandler' driver.
DEBUG - 2025-03-13 11:22:29 --> Session: Class initialized using 'CodeIgniter\Session\Handlers\FileHandler' driver.
WARNING - 2025-03-13 11:22:29 --> Session: Sessions is enabled, and one exists. Please don't $session->start();
DEBUG - 2025-03-13 11:22:29 --> Session: Class initialized using 'CodeIgniter\Session\Handlers\FileHandler' driver.
DEBUG - 2025-03-13 11:22:53 --> Session: Class initialized using 'CodeIgniter\Session\Handlers\FileHandler' driver.
WARNING - 2025-03-13 11:22:53 --> Session: Sessions is enabled, and one exists. Please don't $session->start();
DEBUG - 2025-03-13 11:22:53 --> Session: Class initialized using 'CodeIgniter\Session\Handlers\FileHandler' driver.
DEBUG - 2025-03-13 11:23:26 --> Session: Class initialized using 'CodeIgniter\Session\Handlers\FileHandler' driver.
WARNING - 2025-03-13 11:23:26 --> Session: Sessions is enabled, and one exists. Please don't $session->start();
DEBUG - 2025-03-13 11:23:26 --> Session: Class initialized using 'CodeIgniter\Session\Handlers\FileHandler' driver.
DEBUG - 2025-03-13 11:26:09 --> Session: Class initialized using 'CodeIgniter\Session\Handlers\FileHandler' driver.
WARNING - 2025-03-13 11:26:09 --> Session: Sessions is enabled, and one exists. Please don't $session->start();
DEBUG - 2025-03-13 11:26:09 --> Session: Class initialized using 'CodeIgniter\Session\Handlers\FileHandler' driver.
DEBUG - 2025-03-13 11:30:08 --> Session: Class initialized using 'CodeIgniter\Session\Handlers\FileHandler' driver.
WARNING - 2025-03-13 11:30:08 --> Session: Sessions is enabled, and one exists. Please don't $session->start();
DEBUG - 2025-03-13 11:30:08 --> Session: Class initialized using 'CodeIgniter\Session\Handlers\FileHandler' driver.
DEBUG - 2025-03-13 12:42:05 --> Session: Class initialized using 'CodeIgniter\Session\Handlers\FileHandler' driver.
WARNING - 2025-03-13 12:42:05 --> Session: Sessions is enabled, and one exists. Please don't $session->start();
DEBUG - 2025-03-13 12:42:05 --> Session: Class initialized using 'CodeIgniter\Session\Handlers\FileHandler' driver.
DEBUG - 2025-03-13 12:42:09 --> Session: Class initialized using 'CodeIgniter\Session\Handlers\FileHandler' driver.
WARNING - 2025-03-13 12:42:09 --> [DEPRECATED] Creation of dynamic property App\Controllers\Quiz::$db is deprecated in APPPATH/Controllers/Quiz.php on line 35.
 1 SYSTEMPATH/CodeIgniter.php(903): App\Controllers\Quiz->__construct()
 2 SYSTEMPATH/CodeIgniter.php(498): CodeIgniter\CodeIgniter->createController()
 3 SYSTEMPATH/CodeIgniter.php(354): CodeIgniter\CodeIgniter->handleRequest(null, Object(Config\Cache), false)
 4 SYSTEMPATH/Boot.php(334): CodeIgniter\CodeIgniter->run()
 5 SYSTEMPATH/Boot.php(67): CodeIgniter\Boot::runCodeIgniter(Object(CodeIgniter\CodeIgniter))
 6 FCPATH/index.php(56): CodeIgniter\Boot::bootWeb(Object(Config\Paths))
WARNING - 2025-03-13 12:42:09 --> Session: Sessions is enabled, and one exists. Please don't $session->start();
WARNING - 2025-03-13 12:42:09 --> [DEPRECATED] Creation of dynamic property App\Models\QuizModel::$request is deprecated in APPPATH/Models/QuizModel.php on line 152.
 1 APPPATH/Controllers/Quiz.php(450): App\Models\QuizModel->get_teachers_names()
 2 SYSTEMPATH/CodeIgniter.php(933): App\Controllers\Quiz->find_teacher()
 3 SYSTEMPATH/CodeIgniter.php(507): CodeIgniter\CodeIgniter->runController(Object(App\Controllers\Quiz))
 4 SYSTEMPATH/CodeIgniter.php(354): CodeIgniter\CodeIgniter->handleRequest(null, Object(Config\Cache), false)
 5 SYSTEMPATH/Boot.php(334): CodeIgniter\CodeIgniter->run()
 6 SYSTEMPATH/Boot.php(67): CodeIgniter\Boot::runCodeIgniter(Object(CodeIgniter\CodeIgniter))
 7 FCPATH/index.php(56): CodeIgniter\Boot::bootWeb(Object(Config\Paths))
DEBUG - 2025-03-13 12:42:09 --> Session: Class initialized using 'CodeIgniter\Session\Handlers\FileHandler' driver.
DEBUG - 2025-03-13 12:45:21 --> Session: Class initialized using 'CodeIgniter\Session\Handlers\FileHandler' driver.
WARNING - 2025-03-13 12:45:21 --> [DEPRECATED] Creation of dynamic property App\Controllers\Quiz::$db is deprecated in APPPATH/Controllers/Quiz.php on line 35.
 1 SYSTEMPATH/CodeIgniter.php(903): App\Controllers\Quiz->__construct()
 2 SYSTEMPATH/CodeIgniter.php(498): CodeIgniter\CodeIgniter->createController()
 3 SYSTEMPATH/CodeIgniter.php(354): CodeIgniter\CodeIgniter->handleRequest(null, Object(Config\Cache), false)
 4 SYSTEMPATH/Boot.php(334): CodeIgniter\CodeIgniter->run()
 5 SYSTEMPATH/Boot.php(67): CodeIgniter\Boot::runCodeIgniter(Object(CodeIgniter\CodeIgniter))
 6 FCPATH/index.php(56): CodeIgniter\Boot::bootWeb(Object(Config\Paths))
WARNING - 2025-03-13 12:45:21 --> Session: Sessions is enabled, and one exists. Please don't $session->start();
WARNING - 2025-03-13 12:45:21 --> [DEPRECATED] Creation of dynamic property App\Models\QuizModel::$request is deprecated in APPPATH/Models/QuizModel.php on line 152.
 1 APPPATH/Controllers/Quiz.php(450): App\Models\QuizModel->get_teachers_names()
 2 SYSTEMPATH/CodeIgniter.php(933): App\Controllers\Quiz->find_teacher()
 3 SYSTEMPATH/CodeIgniter.php(507): CodeIgniter\CodeIgniter->runController(Object(App\Controllers\Quiz))
 4 SYSTEMPATH/CodeIgniter.php(354): CodeIgniter\CodeIgniter->handleRequest(null, Object(Config\Cache), false)
 5 SYSTEMPATH/Boot.php(334): CodeIgniter\CodeIgniter->run()
 6 SYSTEMPATH/Boot.php(67): CodeIgniter\Boot::runCodeIgniter(Object(CodeIgniter\CodeIgniter))
 7 FCPATH/index.php(56): CodeIgniter\Boot::bootWeb(Object(Config\Paths))
DEBUG - 2025-03-13 12:45:21 --> Session: Class initialized using 'CodeIgniter\Session\Handlers\FileHandler' driver.
DEBUG - 2025-03-13 12:46:10 --> Session: Class initialized using 'CodeIgniter\Session\Handlers\FileHandler' driver.
WARNING - 2025-03-13 12:46:10 --> [DEPRECATED] Creation of dynamic property App\Controllers\Quiz::$db is deprecated in APPPATH/Controllers/Quiz.php on line 35.
 1 SYSTEMPATH/CodeIgniter.php(903): App\Controllers\Quiz->__construct()
 2 SYSTEMPATH/CodeIgniter.php(498): CodeIgniter\CodeIgniter->createController()
 3 SYSTEMPATH/CodeIgniter.php(354): CodeIgniter\CodeIgniter->handleRequest(null, Object(Config\Cache), false)
 4 SYSTEMPATH/Boot.php(334): CodeIgniter\CodeIgniter->run()
 5 SYSTEMPATH/Boot.php(67): CodeIgniter\Boot::runCodeIgniter(Object(CodeIgniter\CodeIgniter))
 6 FCPATH/index.php(56): CodeIgniter\Boot::bootWeb(Object(Config\Paths))
WARNING - 2025-03-13 12:46:10 --> Session: Sessions is enabled, and one exists. Please don't $session->start();
WARNING - 2025-03-13 12:46:10 --> [DEPRECATED] Creation of dynamic property App\Models\QuizModel::$request is deprecated in APPPATH/Models/QuizModel.php on line 152.
 1 APPPATH/Controllers/Quiz.php(450): App\Models\QuizModel->get_teachers_names()
 2 SYSTEMPATH/CodeIgniter.php(933): App\Controllers\Quiz->find_teacher()
 3 SYSTEMPATH/CodeIgniter.php(507): CodeIgniter\CodeIgniter->runController(Object(App\Controllers\Quiz))
 4 SYSTEMPATH/CodeIgniter.php(354): CodeIgniter\CodeIgniter->handleRequest(null, Object(Config\Cache), false)
 5 SYSTEMPATH/Boot.php(334): CodeIgniter\CodeIgniter->run()
 6 SYSTEMPATH/Boot.php(67): CodeIgniter\Boot::runCodeIgniter(Object(CodeIgniter\CodeIgniter))
 7 FCPATH/index.php(56): CodeIgniter\Boot::bootWeb(Object(Config\Paths))
DEBUG - 2025-03-13 12:46:10 --> Session: Class initialized using 'CodeIgniter\Session\Handlers\FileHandler' driver.
DEBUG - 2025-03-13 12:46:33 --> Session: Class initialized using 'CodeIgniter\Session\Handlers\FileHandler' driver.
WARNING - 2025-03-13 12:46:33 --> [DEPRECATED] Creation of dynamic property App\Controllers\Quiz::$db is deprecated in APPPATH/Controllers/Quiz.php on line 35.
 1 SYSTEMPATH/CodeIgniter.php(903): App\Controllers\Quiz->__construct()
 2 SYSTEMPATH/CodeIgniter.php(498): CodeIgniter\CodeIgniter->createController()
 3 SYSTEMPATH/CodeIgniter.php(354): CodeIgniter\CodeIgniter->handleRequest(null, Object(Config\Cache), false)
 4 SYSTEMPATH/Boot.php(334): CodeIgniter\CodeIgniter->run()
 5 SYSTEMPATH/Boot.php(67): CodeIgniter\Boot::runCodeIgniter(Object(CodeIgniter\CodeIgniter))
 6 FCPATH/index.php(56): CodeIgniter\Boot::bootWeb(Object(Config\Paths))
WARNING - 2025-03-13 12:46:33 --> Session: Sessions is enabled, and one exists. Please don't $session->start();
WARNING - 2025-03-13 12:46:33 --> [DEPRECATED] Creation of dynamic property App\Models\QuizModel::$request is deprecated in APPPATH/Models/QuizModel.php on line 152.
 1 APPPATH/Controllers/Quiz.php(450): App\Models\QuizModel->get_teachers_names()
 2 SYSTEMPATH/CodeIgniter.php(933): App\Controllers\Quiz->find_teacher()
 3 SYSTEMPATH/CodeIgniter.php(507): CodeIgniter\CodeIgniter->runController(Object(App\Controllers\Quiz))
 4 SYSTEMPATH/CodeIgniter.php(354): CodeIgniter\CodeIgniter->handleRequest(null, Object(Config\Cache), false)
 5 SYSTEMPATH/Boot.php(334): CodeIgniter\CodeIgniter->run()
 6 SYSTEMPATH/Boot.php(67): CodeIgniter\Boot::runCodeIgniter(Object(CodeIgniter\CodeIgniter))
 7 FCPATH/index.php(56): CodeIgniter\Boot::bootWeb(Object(Config\Paths))
DEBUG - 2025-03-13 12:46:33 --> Session: Class initialized using 'CodeIgniter\Session\Handlers\FileHandler' driver.
DEBUG - 2025-03-13 12:46:56 --> Session: Class initialized using 'CodeIgniter\Session\Handlers\FileHandler' driver.
WARNING - 2025-03-13 12:46:56 --> Session: Sessions is enabled, and one exists. Please don't $session->start();
DEBUG - 2025-03-13 12:46:57 --> Session: Class initialized using 'CodeIgniter\Session\Handlers\FileHandler' driver.
DEBUG - 2025-03-13 12:47:23 --> Session: Class initialized using 'CodeIgniter\Session\Handlers\FileHandler' driver.
WARNING - 2025-03-13 12:47:23 --> [DEPRECATED] Creation of dynamic property App\Controllers\Quiz::$db is deprecated in APPPATH/Controllers/Quiz.php on line 35.
 1 SYSTEMPATH/CodeIgniter.php(903): App\Controllers\Quiz->__construct()
 2 SYSTEMPATH/CodeIgniter.php(498): CodeIgniter\CodeIgniter->createController()
 3 SYSTEMPATH/CodeIgniter.php(354): CodeIgniter\CodeIgniter->handleRequest(null, Object(Config\Cache), false)
 4 SYSTEMPATH/Boot.php(334): CodeIgniter\CodeIgniter->run()
 5 SYSTEMPATH/Boot.php(67): CodeIgniter\Boot::runCodeIgniter(Object(CodeIgniter\CodeIgniter))
 6 FCPATH/index.php(56): CodeIgniter\Boot::bootWeb(Object(Config\Paths))
WARNING - 2025-03-13 12:47:23 --> Session: Sessions is enabled, and one exists. Please don't $session->start();
WARNING - 2025-03-13 12:47:23 --> [DEPRECATED] Creation of dynamic property App\Models\QuizModel::$request is deprecated in APPPATH/Models/QuizModel.php on line 152.
 1 APPPATH/Controllers/Quiz.php(450): App\Models\QuizModel->get_teachers_names()
 2 SYSTEMPATH/CodeIgniter.php(933): App\Controllers\Quiz->find_teacher()
 3 SYSTEMPATH/CodeIgniter.php(507): CodeIgniter\CodeIgniter->runController(Object(App\Controllers\Quiz))
 4 SYSTEMPATH/CodeIgniter.php(354): CodeIgniter\CodeIgniter->handleRequest(null, Object(Config\Cache), false)
 5 SYSTEMPATH/Boot.php(334): CodeIgniter\CodeIgniter->run()
 6 SYSTEMPATH/Boot.php(67): CodeIgniter\Boot::runCodeIgniter(Object(CodeIgniter\CodeIgniter))
 7 FCPATH/index.php(56): CodeIgniter\Boot::bootWeb(Object(Config\Paths))
DEBUG - 2025-03-13 12:47:23 --> Session: Class initialized using 'CodeIgniter\Session\Handlers\FileHandler' driver.
DEBUG - 2025-03-13 12:47:31 --> Session: Class initialized using 'CodeIgniter\Session\Handlers\FileHandler' driver.
WARNING - 2025-03-13 12:47:31 --> [DEPRECATED] Creation of dynamic property App\Controllers\Quiz::$db is deprecated in APPPATH/Controllers/Quiz.php on line 35.
 1 SYSTEMPATH/CodeIgniter.php(903): App\Controllers\Quiz->__construct()
 2 SYSTEMPATH/CodeIgniter.php(498): CodeIgniter\CodeIgniter->createController()
 3 SYSTEMPATH/CodeIgniter.php(354): CodeIgniter\CodeIgniter->handleRequest(null, Object(Config\Cache), false)
 4 SYSTEMPATH/Boot.php(334): CodeIgniter\CodeIgniter->run()
 5 SYSTEMPATH/Boot.php(67): CodeIgniter\Boot::runCodeIgniter(Object(CodeIgniter\CodeIgniter))
 6 FCPATH/index.php(56): CodeIgniter\Boot::bootWeb(Object(Config\Paths))
WARNING - 2025-03-13 12:47:31 --> Session: Sessions is enabled, and one exists. Please don't $session->start();
WARNING - 2025-03-13 12:47:31 --> [DEPRECATED] Creation of dynamic property App\Models\QuizModel::$request is deprecated in APPPATH/Models/QuizModel.php on line 127.
 1 APPPATH/Controllers/Quiz.php(75): App\Models\QuizModel->get_teachers_quiz()
 2 SYSTEMPATH/CodeIgniter.php(933): App\Controllers\Quiz->find_teachers_quiz()
 3 SYSTEMPATH/CodeIgniter.php(507): CodeIgniter\CodeIgniter->runController(Object(App\Controllers\Quiz))
 4 SYSTEMPATH/CodeIgniter.php(354): CodeIgniter\CodeIgniter->handleRequest(null, Object(Config\Cache), false)
 5 SYSTEMPATH/Boot.php(334): CodeIgniter\CodeIgniter->run()
 6 SYSTEMPATH/Boot.php(67): CodeIgniter\Boot::runCodeIgniter(Object(CodeIgniter\CodeIgniter))
 7 FCPATH/index.php(56): CodeIgniter\Boot::bootWeb(Object(Config\Paths))
WARNING - 2025-03-13 12:47:31 --> [DEPRECATED] Creation of dynamic property CodeIgniter\View\View::$session is deprecated in APPPATH/Views/pages/quiz/take_quiz.php on line 5.
 1 SYSTEMPATH/View/View.php(224): include('/Users/alanmartin/Sites/localhost/QuizApp/Ci4/app/Views/pages/quiz/take_quiz.php')
 2 SYSTEMPATH/View/View.php(227): CodeIgniter\View\View->CodeIgniter\View\{closure}()
 3 SYSTEMPATH/Common.php(1173): CodeIgniter\View\View->render('pages/quiz/take_quiz', [], true)
 4 APPPATH/Controllers/Quiz.php(77): view('pages/quiz/take_quiz', [...])
 5 SYSTEMPATH/CodeIgniter.php(933): App\Controllers\Quiz->find_teachers_quiz()
 6 SYSTEMPATH/CodeIgniter.php(507): CodeIgniter\CodeIgniter->runController(Object(App\Controllers\Quiz))
 7 SYSTEMPATH/CodeIgniter.php(354): CodeIgniter\CodeIgniter->handleRequest(null, Object(Config\Cache), false)
 8 SYSTEMPATH/Boot.php(334): CodeIgniter\CodeIgniter->run()
 9 SYSTEMPATH/Boot.php(67): CodeIgniter\Boot::runCodeIgniter(Object(CodeIgniter\CodeIgniter))
10 FCPATH/index.php(56): CodeIgniter\Boot::bootWeb(Object(Config\Paths))
DEBUG - 2025-03-13 12:47:31 --> Session: Class initialized using 'CodeIgniter\Session\Handlers\FileHandler' driver.
DEBUG - 2025-03-13 12:47:38 --> Session: Class initialized using 'CodeIgniter\Session\Handlers\FileHandler' driver.
WARNING - 2025-03-13 12:47:38 --> Session: Sessions is enabled, and one exists. Please don't $session->start();
DEBUG - 2025-03-13 12:47:38 --> Session: Class initialized using 'CodeIgniter\Session\Handlers\FileHandler' driver.
DEBUG - 2025-03-13 12:48:11 --> Session: Class initialized using 'CodeIgniter\Session\Handlers\FileHandler' driver.
WARNING - 2025-03-13 12:48:11 --> [DEPRECATED] Creation of dynamic property App\Controllers\Quiz::$db is deprecated in APPPATH/Controllers/Quiz.php on line 35.
 1 SYSTEMPATH/CodeIgniter.php(903): App\Controllers\Quiz->__construct()
 2 SYSTEMPATH/CodeIgniter.php(498): CodeIgniter\CodeIgniter->createController()
 3 SYSTEMPATH/CodeIgniter.php(354): CodeIgniter\CodeIgniter->handleRequest(null, Object(Config\Cache), false)
 4 SYSTEMPATH/Boot.php(334): CodeIgniter\CodeIgniter->run()
 5 SYSTEMPATH/Boot.php(67): CodeIgniter\Boot::runCodeIgniter(Object(CodeIgniter\CodeIgniter))
 6 FCPATH/index.php(56): CodeIgniter\Boot::bootWeb(Object(Config\Paths))
WARNING - 2025-03-13 12:48:11 --> Session: Sessions is enabled, and one exists. Please don't $session->start();
WARNING - 2025-03-13 12:48:11 --> [DEPRECATED] Creation of dynamic property App\Models\QuizModel::$request is deprecated in APPPATH/Models/QuizModel.php on line 152.
 1 APPPATH/Controllers/Quiz.php(450): App\Models\QuizModel->get_teachers_names()
 2 SYSTEMPATH/CodeIgniter.php(933): App\Controllers\Quiz->find_teacher()
 3 SYSTEMPATH/CodeIgniter.php(507): CodeIgniter\CodeIgniter->runController(Object(App\Controllers\Quiz))
 4 SYSTEMPATH/CodeIgniter.php(354): CodeIgniter\CodeIgniter->handleRequest(null, Object(Config\Cache), false)
 5 SYSTEMPATH/Boot.php(334): CodeIgniter\CodeIgniter->run()
 6 SYSTEMPATH/Boot.php(67): CodeIgniter\Boot::runCodeIgniter(Object(CodeIgniter\CodeIgniter))
 7 FCPATH/index.php(56): CodeIgniter\Boot::bootWeb(Object(Config\Paths))
DEBUG - 2025-03-13 12:48:11 --> Session: Class initialized using 'CodeIgniter\Session\Handlers\FileHandler' driver.
DEBUG - 2025-03-13 12:48:15 --> Session: Class initialized using 'CodeIgniter\Session\Handlers\FileHandler' driver.
WARNING - 2025-03-13 12:48:15 --> [DEPRECATED] Creation of dynamic property App\Controllers\Quiz::$db is deprecated in APPPATH/Controllers/Quiz.php on line 35.
 1 SYSTEMPATH/CodeIgniter.php(903): App\Controllers\Quiz->__construct()
 2 SYSTEMPATH/CodeIgniter.php(498): CodeIgniter\CodeIgniter->createController()
 3 SYSTEMPATH/CodeIgniter.php(354): CodeIgniter\CodeIgniter->handleRequest(null, Object(Config\Cache), false)
 4 SYSTEMPATH/Boot.php(334): CodeIgniter\CodeIgniter->run()
 5 SYSTEMPATH/Boot.php(67): CodeIgniter\Boot::runCodeIgniter(Object(CodeIgniter\CodeIgniter))
 6 FCPATH/index.php(56): CodeIgniter\Boot::bootWeb(Object(Config\Paths))
WARNING - 2025-03-13 12:48:15 --> Session: Sessions is enabled, and one exists. Please don't $session->start();
WARNING - 2025-03-13 12:48:15 --> [DEPRECATED] Creation of dynamic property App\Models\QuizModel::$request is deprecated in APPPATH/Models/QuizModel.php on line 127.
 1 APPPATH/Controllers/Quiz.php(75): App\Models\QuizModel->get_teachers_quiz()
 2 SYSTEMPATH/CodeIgniter.php(933): App\Controllers\Quiz->find_teachers_quiz()
 3 SYSTEMPATH/CodeIgniter.php(507): CodeIgniter\CodeIgniter->runController(Object(App\Controllers\Quiz))
 4 SYSTEMPATH/CodeIgniter.php(354): CodeIgniter\CodeIgniter->handleRequest(null, Object(Config\Cache), false)
 5 SYSTEMPATH/Boot.php(334): CodeIgniter\CodeIgniter->run()
 6 SYSTEMPATH/Boot.php(67): CodeIgniter\Boot::runCodeIgniter(Object(CodeIgniter\CodeIgniter))
 7 FCPATH/index.php(56): CodeIgniter\Boot::bootWeb(Object(Config\Paths))
WARNING - 2025-03-13 12:48:15 --> [DEPRECATED] Creation of dynamic property CodeIgniter\View\View::$session is deprecated in APPPATH/Views/pages/quiz/take_quiz.php on line 5.
 1 SYSTEMPATH/View/View.php(224): include('/Users/alanmartin/Sites/localhost/QuizApp/Ci4/app/Views/pages/quiz/take_quiz.php')
 2 SYSTEMPATH/View/View.php(227): CodeIgniter\View\View->CodeIgniter\View\{closure}()
 3 SYSTEMPATH/Common.php(1173): CodeIgniter\View\View->render('pages/quiz/take_quiz', [], true)
 4 APPPATH/Controllers/Quiz.php(77): view('pages/quiz/take_quiz', [...])
 5 SYSTEMPATH/CodeIgniter.php(933): App\Controllers\Quiz->find_teachers_quiz()
 6 SYSTEMPATH/CodeIgniter.php(507): CodeIgniter\CodeIgniter->runController(Object(App\Controllers\Quiz))
 7 SYSTEMPATH/CodeIgniter.php(354): CodeIgniter\CodeIgniter->handleRequest(null, Object(Config\Cache), false)
 8 SYSTEMPATH/Boot.php(334): CodeIgniter\CodeIgniter->run()
 9 SYSTEMPATH/Boot.php(67): CodeIgniter\Boot::runCodeIgniter(Object(CodeIgniter\CodeIgniter))
10 FCPATH/index.php(56): CodeIgniter\Boot::bootWeb(Object(Config\Paths))
DEBUG - 2025-03-13 12:48:15 --> Session: Class initialized using 'CodeIgniter\Session\Handlers\FileHandler' driver.
DEBUG - 2025-03-13 12:48:22 --> Session: Class initialized using 'CodeIgniter\Session\Handlers\FileHandler' driver.
WARNING - 2025-03-13 12:48:22 --> Session: Sessions is enabled, and one exists. Please don't $session->start();
DEBUG - 2025-03-13 12:48:22 --> Session: Class initialized using 'CodeIgniter\Session\Handlers\FileHandler' driver.
DEBUG - 2025-03-13 12:48:45 --> Session: Class initialized using 'CodeIgniter\Session\Handlers\FileHandler' driver.
WARNING - 2025-03-13 12:48:45 --> [DEPRECATED] Creation of dynamic property App\Controllers\Quiz::$db is deprecated in APPPATH/Controllers/Quiz.php on line 35.
 1 SYSTEMPATH/CodeIgniter.php(903): App\Controllers\Quiz->__construct()
 2 SYSTEMPATH/CodeIgniter.php(498): CodeIgniter\CodeIgniter->createController()
 3 SYSTEMPATH/CodeIgniter.php(354): CodeIgniter\CodeIgniter->handleRequest(null, Object(Config\Cache), false)
 4 SYSTEMPATH/Boot.php(334): CodeIgniter\CodeIgniter->run()
 5 SYSTEMPATH/Boot.php(67): CodeIgniter\Boot::runCodeIgniter(Object(CodeIgniter\CodeIgniter))
 6 FCPATH/index.php(56): CodeIgniter\Boot::bootWeb(Object(Config\Paths))
WARNING - 2025-03-13 12:48:45 --> Session: Sessions is enabled, and one exists. Please don't $session->start();
WARNING - 2025-03-13 12:48:45 --> [DEPRECATED] Creation of dynamic property App\Models\QuizModel::$request is deprecated in APPPATH/Models/QuizModel.php on line 152.
 1 APPPATH/Controllers/Quiz.php(450): App\Models\QuizModel->get_teachers_names()
 2 SYSTEMPATH/CodeIgniter.php(933): App\Controllers\Quiz->find_teacher()
 3 SYSTEMPATH/CodeIgniter.php(507): CodeIgniter\CodeIgniter->runController(Object(App\Controllers\Quiz))
 4 SYSTEMPATH/CodeIgniter.php(354): CodeIgniter\CodeIgniter->handleRequest(null, Object(Config\Cache), false)
 5 SYSTEMPATH/Boot.php(334): CodeIgniter\CodeIgniter->run()
 6 SYSTEMPATH/Boot.php(67): CodeIgniter\Boot::runCodeIgniter(Object(CodeIgniter\CodeIgniter))
 7 FCPATH/index.php(56): CodeIgniter\Boot::bootWeb(Object(Config\Paths))
DEBUG - 2025-03-13 12:48:45 --> Session: Class initialized using 'CodeIgniter\Session\Handlers\FileHandler' driver.
DEBUG - 2025-03-13 12:48:50 --> Session: Class initialized using 'CodeIgniter\Session\Handlers\FileHandler' driver.
WARNING - 2025-03-13 12:48:50 --> [DEPRECATED] Creation of dynamic property App\Controllers\Quiz::$db is deprecated in APPPATH/Controllers/Quiz.php on line 35.
 1 SYSTEMPATH/CodeIgniter.php(903): App\Controllers\Quiz->__construct()
 2 SYSTEMPATH/CodeIgniter.php(498): CodeIgniter\CodeIgniter->createController()
 3 SYSTEMPATH/CodeIgniter.php(354): CodeIgniter\CodeIgniter->handleRequest(null, Object(Config\Cache), false)
 4 SYSTEMPATH/Boot.php(334): CodeIgniter\CodeIgniter->run()
 5 SYSTEMPATH/Boot.php(67): CodeIgniter\Boot::runCodeIgniter(Object(CodeIgniter\CodeIgniter))
 6 FCPATH/index.php(56): CodeIgniter\Boot::bootWeb(Object(Config\Paths))
WARNING - 2025-03-13 12:48:50 --> Session: Sessions is enabled, and one exists. Please don't $session->start();
WARNING - 2025-03-13 12:48:50 --> [DEPRECATED] Creation of dynamic property App\Models\QuizModel::$request is deprecated in APPPATH/Models/QuizModel.php on line 127.
 1 APPPATH/Controllers/Quiz.php(75): App\Models\QuizModel->get_teachers_quiz()
 2 SYSTEMPATH/CodeIgniter.php(933): App\Controllers\Quiz->find_teachers_quiz()
 3 SYSTEMPATH/CodeIgniter.php(507): CodeIgniter\CodeIgniter->runController(Object(App\Controllers\Quiz))
 4 SYSTEMPATH/CodeIgniter.php(354): CodeIgniter\CodeIgniter->handleRequest(null, Object(Config\Cache), false)
 5 SYSTEMPATH/Boot.php(334): CodeIgniter\CodeIgniter->run()
 6 SYSTEMPATH/Boot.php(67): CodeIgniter\Boot::runCodeIgniter(Object(CodeIgniter\CodeIgniter))
 7 FCPATH/index.php(56): CodeIgniter\Boot::bootWeb(Object(Config\Paths))
WARNING - 2025-03-13 12:48:50 --> [DEPRECATED] Creation of dynamic property CodeIgniter\View\View::$session is deprecated in APPPATH/Views/pages/quiz/take_quiz.php on line 5.
 1 SYSTEMPATH/View/View.php(224): include('/Users/alanmartin/Sites/localhost/QuizApp/Ci4/app/Views/pages/quiz/take_quiz.php')
 2 SYSTEMPATH/View/View.php(227): CodeIgniter\View\View->CodeIgniter\View\{closure}()
 3 SYSTEMPATH/Common.php(1173): CodeIgniter\View\View->render('pages/quiz/take_quiz', [], true)
 4 APPPATH/Controllers/Quiz.php(77): view('pages/quiz/take_quiz', [...])
 5 SYSTEMPATH/CodeIgniter.php(933): App\Controllers\Quiz->find_teachers_quiz()
 6 SYSTEMPATH/CodeIgniter.php(507): CodeIgniter\CodeIgniter->runController(Object(App\Controllers\Quiz))
 7 SYSTEMPATH/CodeIgniter.php(354): CodeIgniter\CodeIgniter->handleRequest(null, Object(Config\Cache), false)
 8 SYSTEMPATH/Boot.php(334): CodeIgniter\CodeIgniter->run()
 9 SYSTEMPATH/Boot.php(67): CodeIgniter\Boot::runCodeIgniter(Object(CodeIgniter\CodeIgniter))
10 FCPATH/index.php(56): CodeIgniter\Boot::bootWeb(Object(Config\Paths))
DEBUG - 2025-03-13 12:48:50 --> Session: Class initialized using 'CodeIgniter\Session\Handlers\FileHandler' driver.
DEBUG - 2025-03-13 12:49:04 --> Session: Class initialized using 'CodeIgniter\Session\Handlers\FileHandler' driver.
WARNING - 2025-03-13 12:49:04 --> [DEPRECATED] Creation of dynamic property App\Controllers\Quiz::$db is deprecated in APPPATH/Controllers/Quiz.php on line 35.
 1 SYSTEMPATH/CodeIgniter.php(903): App\Controllers\Quiz->__construct()
 2 SYSTEMPATH/CodeIgniter.php(498): CodeIgniter\CodeIgniter->createController()
 3 SYSTEMPATH/CodeIgniter.php(354): CodeIgniter\CodeIgniter->handleRequest(null, Object(Config\Cache), false)
 4 SYSTEMPATH/Boot.php(334): CodeIgniter\CodeIgniter->run()
 5 SYSTEMPATH/Boot.php(67): CodeIgniter\Boot::runCodeIgniter(Object(CodeIgniter\CodeIgniter))
 6 FCPATH/index.php(56): CodeIgniter\Boot::bootWeb(Object(Config\Paths))
WARNING - 2025-03-13 12:49:04 --> Session: Sessions is enabled, and one exists. Please don't $session->start();
WARNING - 2025-03-13 12:49:05 --> [DEPRECATED] Creation of dynamic property App\Models\QuizModel::$request is deprecated in APPPATH/Models/QuizModel.php on line 83.
 1 APPPATH/Controllers/Quiz.php(115): App\Models\QuizModel->getQuestions()
 2 SYSTEMPATH/CodeIgniter.php(933): App\Controllers\Quiz->resultDisplay()
 3 SYSTEMPATH/CodeIgniter.php(507): CodeIgniter\CodeIgniter->runController(Object(App\Controllers\Quiz))
 4 SYSTEMPATH/CodeIgniter.php(354): CodeIgniter\CodeIgniter->handleRequest(null, Object(Config\Cache), false)
 5 SYSTEMPATH/Boot.php(334): CodeIgniter\CodeIgniter->run()
 6 SYSTEMPATH/Boot.php(67): CodeIgniter\Boot::runCodeIgniter(Object(CodeIgniter\CodeIgniter))
 7 FCPATH/index.php(56): CodeIgniter\Boot::bootWeb(Object(Config\Paths))
WARNING - 2025-03-13 12:49:05 --> [DEPRECATED] Creation of dynamic property CodeIgniter\View\View::$session is deprecated in APPPATH/Views/pages/quiz/result_display1.php on line 75.
 1 SYSTEMPATH/View/View.php(224): include('/Users/alanmartin/Sites/localhost/QuizApp/Ci4/app/Views/pages/quiz/result_display1.php')
 2 SYSTEMPATH/View/View.php(227): CodeIgniter\View\View->CodeIgniter\View\{closure}()
 3 SYSTEMPATH/Common.php(1173): CodeIgniter\View\View->render('pages/quiz/result_display1', [], true)
 4 APPPATH/Controllers/Quiz.php(117): view('pages/quiz/result_display1')
 5 SYSTEMPATH/CodeIgniter.php(933): App\Controllers\Quiz->resultDisplay()
 6 SYSTEMPATH/CodeIgniter.php(507): CodeIgniter\CodeIgniter->runController(Object(App\Controllers\Quiz))
 7 SYSTEMPATH/CodeIgniter.php(354): CodeIgniter\CodeIgniter->handleRequest(null, Object(Config\Cache), false)
 8 SYSTEMPATH/Boot.php(334): CodeIgniter\CodeIgniter->run()
 9 SYSTEMPATH/Boot.php(67): CodeIgniter\Boot::runCodeIgniter(Object(CodeIgniter\CodeIgniter))
10 FCPATH/index.php(56): CodeIgniter\Boot::bootWeb(Object(Config\Paths))
DEBUG - 2025-03-13 12:49:05 --> Session: Class initialized using 'CodeIgniter\Session\Handlers\FileHandler' driver.
DEBUG - 2025-03-13 12:49:15 --> Session: Class initialized using 'CodeIgniter\Session\Handlers\FileHandler' driver.
WARNING - 2025-03-13 12:49:15 --> [DEPRECATED] Creation of dynamic property App\Controllers\Quiz::$db is deprecated in APPPATH/Controllers/Quiz.php on line 35.
 1 SYSTEMPATH/CodeIgniter.php(903): App\Controllers\Quiz->__construct()
 2 SYSTEMPATH/CodeIgniter.php(498): CodeIgniter\CodeIgniter->createController()
 3 SYSTEMPATH/CodeIgniter.php(354): CodeIgniter\CodeIgniter->handleRequest(null, Object(Config\Cache), false)
 4 SYSTEMPATH/Boot.php(334): CodeIgniter\CodeIgniter->run()
 5 SYSTEMPATH/Boot.php(67): CodeIgniter\Boot::runCodeIgniter(Object(CodeIgniter\CodeIgniter))
 6 FCPATH/index.php(56): CodeIgniter\Boot::bootWeb(Object(Config\Paths))
WARNING - 2025-03-13 12:49:15 --> Session: Sessions is enabled, and one exists. Please don't $session->start();
WARNING - 2025-03-13 12:49:15 --> [DEPRECATED] Creation of dynamic property CodeIgniter\View\View::$session is deprecated in APPPATH/Views/pages/result/submit_results.php on line 5.
 1 SYSTEMPATH/View/View.php(224): include('/Users/alanmartin/Sites/localhost/QuizApp/Ci4/app/Views/pages/result/submit_results.php')
 2 SYSTEMPATH/View/View.php(227): CodeIgniter\View\View->CodeIgniter\View\{closure}()
 3 SYSTEMPATH/Common.php(1173): CodeIgniter\View\View->render('pages/result/submit_results', [], true)
 4 APPPATH/Controllers/Quiz.php(382): view('pages/result/submit_results')
 5 APPPATH/Controllers/Quiz.php(405): App\Controllers\Quiz->submit_results_form()
 6 SYSTEMPATH/CodeIgniter.php(933): App\Controllers\Quiz->submit_results()
 7 SYSTEMPATH/CodeIgniter.php(507): CodeIgniter\CodeIgniter->runController(Object(App\Controllers\Quiz))
 8 SYSTEMPATH/CodeIgniter.php(354): CodeIgniter\CodeIgniter->handleRequest(null, Object(Config\Cache), false)
 9 SYSTEMPATH/Boot.php(334): CodeIgniter\CodeIgniter->run()
10 SYSTEMPATH/Boot.php(67): CodeIgniter\Boot::runCodeIgniter(Object(CodeIgniter\CodeIgniter))
11 FCPATH/index.php(56): CodeIgniter\Boot::bootWeb(Object(Config\Paths))
DEBUG - 2025-03-13 12:49:15 --> Session: Class initialized using 'CodeIgniter\Session\Handlers\FileHandler' driver.
DEBUG - 2025-03-13 12:52:33 --> Session: Class initialized using 'CodeIgniter\Session\Handlers\FileHandler' driver.
WARNING - 2025-03-13 12:52:33 --> [DEPRECATED] Creation of dynamic property App\Controllers\Quiz::$db is deprecated in APPPATH/Controllers/Quiz.php on line 35.
 1 SYSTEMPATH/CodeIgniter.php(903): App\Controllers\Quiz->__construct()
 2 SYSTEMPATH/CodeIgniter.php(498): CodeIgniter\CodeIgniter->createController()
 3 SYSTEMPATH/CodeIgniter.php(354): CodeIgniter\CodeIgniter->handleRequest(null, Object(Config\Cache), false)
 4 SYSTEMPATH/Boot.php(334): CodeIgniter\CodeIgniter->run()
 5 SYSTEMPATH/Boot.php(67): CodeIgniter\Boot::runCodeIgniter(Object(CodeIgniter\CodeIgniter))
 6 FCPATH/index.php(56): CodeIgniter\Boot::bootWeb(Object(Config\Paths))
WARNING - 2025-03-13 12:52:33 --> Session: Sessions is enabled, and one exists. Please don't $session->start();
WARNING - 2025-03-13 12:52:33 --> [DEPRECATED] Creation of dynamic property CodeIgniter\View\View::$session is deprecated in APPPATH/Views/pages/result/submit_results.php on line 5.
 1 SYSTEMPATH/View/View.php(224): include('/Users/alanmartin/Sites/localhost/QuizApp/Ci4/app/Views/pages/result/submit_results.php')
 2 SYSTEMPATH/View/View.php(227): CodeIgniter\View\View->CodeIgniter\View\{closure}()
 3 SYSTEMPATH/Common.php(1173): CodeIgniter\View\View->render('pages/result/submit_results', [], true)
 4 APPPATH/Controllers/Quiz.php(382): view('pages/result/submit_results')
 5 APPPATH/Controllers/Quiz.php(405): App\Controllers\Quiz->submit_results_form()
 6 SYSTEMPATH/CodeIgniter.php(933): App\Controllers\Quiz->submit_results()
 7 SYSTEMPATH/CodeIgniter.php(507): CodeIgniter\CodeIgniter->runController(Object(App\Controllers\Quiz))
 8 SYSTEMPATH/CodeIgniter.php(354): CodeIgniter\CodeIgniter->handleRequest(null, Object(Config\Cache), false)
 9 SYSTEMPATH/Boot.php(334): CodeIgniter\CodeIgniter->run()
10 SYSTEMPATH/Boot.php(67): CodeIgniter\Boot::runCodeIgniter(Object(CodeIgniter\CodeIgniter))
11 FCPATH/index.php(56): CodeIgniter\Boot::bootWeb(Object(Config\Paths))
DEBUG - 2025-03-13 12:52:33 --> Session: Class initialized using 'CodeIgniter\Session\Handlers\FileHandler' driver.
DEBUG - 2025-03-13 12:57:27 --> Session: Class initialized using 'CodeIgniter\Session\Handlers\FileHandler' driver.
WARNING - 2025-03-13 12:57:27 --> [DEPRECATED] Creation of dynamic property App\Controllers\Quiz::$db is deprecated in APPPATH/Controllers/Quiz.php on line 35.
 1 SYSTEMPATH/CodeIgniter.php(903): App\Controllers\Quiz->__construct()
 2 SYSTEMPATH/CodeIgniter.php(498): CodeIgniter\CodeIgniter->createController()
 3 SYSTEMPATH/CodeIgniter.php(354): CodeIgniter\CodeIgniter->handleRequest(null, Object(Config\Cache), false)
 4 SYSTEMPATH/Boot.php(334): CodeIgniter\CodeIgniter->run()
 5 SYSTEMPATH/Boot.php(67): CodeIgniter\Boot::runCodeIgniter(Object(CodeIgniter\CodeIgniter))
 6 FCPATH/index.php(56): CodeIgniter\Boot::bootWeb(Object(Config\Paths))
WARNING - 2025-03-13 12:57:27 --> Session: Sessions is enabled, and one exists. Please don't $session->start();
WARNING - 2025-03-13 12:57:27 --> [DEPRECATED] Creation of dynamic property CodeIgniter\View\View::$session is deprecated in APPPATH/Views/pages/result/submit_results.php on line 5.
 1 SYSTEMPATH/View/View.php(224): include('/Users/alanmartin/Sites/localhost/QuizApp/Ci4/app/Views/pages/result/submit_results.php')
 2 SYSTEMPATH/View/View.php(227): CodeIgniter\View\View->CodeIgniter\View\{closure}()
 3 SYSTEMPATH/Common.php(1173): CodeIgniter\View\View->render('pages/result/submit_results', [], true)
 4 APPPATH/Controllers/Quiz.php(382): view('pages/result/submit_results')
 5 APPPATH/Controllers/Quiz.php(405): App\Controllers\Quiz->submit_results_form()
 6 SYSTEMPATH/CodeIgniter.php(933): App\Controllers\Quiz->submit_results()
 7 SYSTEMPATH/CodeIgniter.php(507): CodeIgniter\CodeIgniter->runController(Object(App\Controllers\Quiz))
 8 SYSTEMPATH/CodeIgniter.php(354): CodeIgniter\CodeIgniter->handleRequest(null, Object(Config\Cache), false)
 9 SYSTEMPATH/Boot.php(334): CodeIgniter\CodeIgniter->run()
10 SYSTEMPATH/Boot.php(67): CodeIgniter\Boot::runCodeIgniter(Object(CodeIgniter\CodeIgniter))
11 FCPATH/index.php(56): CodeIgniter\Boot::bootWeb(Object(Config\Paths))
DEBUG - 2025-03-13 12:57:27 --> Session: Class initialized using 'CodeIgniter\Session\Handlers\FileHandler' driver.
DEBUG - 2025-03-13 13:14:07 --> Session: Class initialized using 'CodeIgniter\Session\Handlers\FileHandler' driver.
WARNING - 2025-03-13 13:14:07 --> Session: Sessions is enabled, and one exists. Please don't $session->start();
DEBUG - 2025-03-13 13:14:07 --> Session: Class initialized using 'CodeIgniter\Session\Handlers\FileHandler' driver.
DEBUG - 2025-03-13 13:14:12 --> Session: Class initialized using 'CodeIgniter\Session\Handlers\FileHandler' driver.
WARNING - 2025-03-13 13:14:12 --> [DEPRECATED] Creation of dynamic property App\Controllers\Quiz::$db is deprecated in APPPATH/Controllers/Quiz.php on line 35.
 1 SYSTEMPATH/CodeIgniter.php(903): App\Controllers\Quiz->__construct()
 2 SYSTEMPATH/CodeIgniter.php(498): CodeIgniter\CodeIgniter->createController()
 3 SYSTEMPATH/CodeIgniter.php(354): CodeIgniter\CodeIgniter->handleRequest(null, Object(Config\Cache), false)
 4 SYSTEMPATH/Boot.php(334): CodeIgniter\CodeIgniter->run()
 5 SYSTEMPATH/Boot.php(67): CodeIgniter\Boot::runCodeIgniter(Object(CodeIgniter\CodeIgniter))
 6 FCPATH/index.php(56): CodeIgniter\Boot::bootWeb(Object(Config\Paths))
WARNING - 2025-03-13 13:14:12 --> Session: Sessions is enabled, and one exists. Please don't $session->start();
WARNING - 2025-03-13 13:14:12 --> [DEPRECATED] Creation of dynamic property App\Models\QuizModel::$request is deprecated in APPPATH/Models/QuizModel.php on line 152.
 1 APPPATH/Controllers/Quiz.php(450): App\Models\QuizModel->get_teachers_names()
 2 SYSTEMPATH/CodeIgniter.php(933): App\Controllers\Quiz->find_teacher()
 3 SYSTEMPATH/CodeIgniter.php(507): CodeIgniter\CodeIgniter->runController(Object(App\Controllers\Quiz))
 4 SYSTEMPATH/CodeIgniter.php(354): CodeIgniter\CodeIgniter->handleRequest(null, Object(Config\Cache), false)
 5 SYSTEMPATH/Boot.php(334): CodeIgniter\CodeIgniter->run()
 6 SYSTEMPATH/Boot.php(67): CodeIgniter\Boot::runCodeIgniter(Object(CodeIgniter\CodeIgniter))
 7 FCPATH/index.php(56): CodeIgniter\Boot::bootWeb(Object(Config\Paths))
DEBUG - 2025-03-13 13:14:12 --> Session: Class initialized using 'CodeIgniter\Session\Handlers\FileHandler' driver.
DEBUG - 2025-03-13 13:14:16 --> Session: Class initialized using 'CodeIgniter\Session\Handlers\FileHandler' driver.
WARNING - 2025-03-13 13:14:16 --> [DEPRECATED] Creation of dynamic property App\Controllers\Quiz::$db is deprecated in APPPATH/Controllers/Quiz.php on line 35.
 1 SYSTEMPATH/CodeIgniter.php(903): App\Controllers\Quiz->__construct()
 2 SYSTEMPATH/CodeIgniter.php(498): CodeIgniter\CodeIgniter->createController()
 3 SYSTEMPATH/CodeIgniter.php(354): CodeIgniter\CodeIgniter->handleRequest(null, Object(Config\Cache), false)
 4 SYSTEMPATH/Boot.php(334): CodeIgniter\CodeIgniter->run()
 5 SYSTEMPATH/Boot.php(67): CodeIgniter\Boot::runCodeIgniter(Object(CodeIgniter\CodeIgniter))
 6 FCPATH/index.php(56): CodeIgniter\Boot::bootWeb(Object(Config\Paths))
WARNING - 2025-03-13 13:14:16 --> Session: Sessions is enabled, and one exists. Please don't $session->start();
WARNING - 2025-03-13 13:14:16 --> [DEPRECATED] Creation of dynamic property App\Models\QuizModel::$request is deprecated in APPPATH/Models/QuizModel.php on line 127.
 1 APPPATH/Controllers/Quiz.php(75): App\Models\QuizModel->get_teachers_quiz()
 2 SYSTEMPATH/CodeIgniter.php(933): App\Controllers\Quiz->find_teachers_quiz()
 3 SYSTEMPATH/CodeIgniter.php(507): CodeIgniter\CodeIgniter->runController(Object(App\Controllers\Quiz))
 4 SYSTEMPATH/CodeIgniter.php(354): CodeIgniter\CodeIgniter->handleRequest(null, Object(Config\Cache), false)
 5 SYSTEMPATH/Boot.php(334): CodeIgniter\CodeIgniter->run()
 6 SYSTEMPATH/Boot.php(67): CodeIgniter\Boot::runCodeIgniter(Object(CodeIgniter\CodeIgniter))
 7 FCPATH/index.php(56): CodeIgniter\Boot::bootWeb(Object(Config\Paths))
WARNING - 2025-03-13 13:14:16 --> [DEPRECATED] Creation of dynamic property CodeIgniter\View\View::$session is deprecated in APPPATH/Views/pages/quiz/take_quiz.php on line 5.
 1 SYSTEMPATH/View/View.php(224): include('/Users/alanmartin/Sites/localhost/QuizApp/Ci4/app/Views/pages/quiz/take_quiz.php')
 2 SYSTEMPATH/View/View.php(227): CodeIgniter\View\View->CodeIgniter\View\{closure}()
 3 SYSTEMPATH/Common.php(1173): CodeIgniter\View\View->render('pages/quiz/take_quiz', [], true)
 4 APPPATH/Controllers/Quiz.php(77): view('pages/quiz/take_quiz', [...])
 5 SYSTEMPATH/CodeIgniter.php(933): App\Controllers\Quiz->find_teachers_quiz()
 6 SYSTEMPATH/CodeIgniter.php(507): CodeIgniter\CodeIgniter->runController(Object(App\Controllers\Quiz))
 7 SYSTEMPATH/CodeIgniter.php(354): CodeIgniter\CodeIgniter->handleRequest(null, Object(Config\Cache), false)
 8 SYSTEMPATH/Boot.php(334): CodeIgniter\CodeIgniter->run()
 9 SYSTEMPATH/Boot.php(67): CodeIgniter\Boot::runCodeIgniter(Object(CodeIgniter\CodeIgniter))
10 FCPATH/index.php(56): CodeIgniter\Boot::bootWeb(Object(Config\Paths))
DEBUG - 2025-03-13 13:14:16 --> Session: Class initialized using 'CodeIgniter\Session\Handlers\FileHandler' driver.
DEBUG - 2025-03-13 13:14:32 --> Session: Class initialized using 'CodeIgniter\Session\Handlers\FileHandler' driver.
WARNING - 2025-03-13 13:14:32 --> [DEPRECATED] Creation of dynamic property App\Controllers\Quiz::$db is deprecated in APPPATH/Controllers/Quiz.php on line 35.
 1 SYSTEMPATH/CodeIgniter.php(903): App\Controllers\Quiz->__construct()
 2 SYSTEMPATH/CodeIgniter.php(498): CodeIgniter\CodeIgniter->createController()
 3 SYSTEMPATH/CodeIgniter.php(354): CodeIgniter\CodeIgniter->handleRequest(null, Object(Config\Cache), false)
 4 SYSTEMPATH/Boot.php(334): CodeIgniter\CodeIgniter->run()
 5 SYSTEMPATH/Boot.php(67): CodeIgniter\Boot::runCodeIgniter(Object(CodeIgniter\CodeIgniter))
 6 FCPATH/index.php(56): CodeIgniter\Boot::bootWeb(Object(Config\Paths))
WARNING - 2025-03-13 13:14:32 --> Session: Sessions is enabled, and one exists. Please don't $session->start();
WARNING - 2025-03-13 13:14:32 --> [DEPRECATED] Creation of dynamic property App\Models\QuizModel::$request is deprecated in APPPATH/Models/QuizModel.php on line 83.
 1 APPPATH/Controllers/Quiz.php(115): App\Models\QuizModel->getQuestions()
 2 SYSTEMPATH/CodeIgniter.php(933): App\Controllers\Quiz->resultDisplay()
 3 SYSTEMPATH/CodeIgniter.php(507): CodeIgniter\CodeIgniter->runController(Object(App\Controllers\Quiz))
 4 SYSTEMPATH/CodeIgniter.php(354): CodeIgniter\CodeIgniter->handleRequest(null, Object(Config\Cache), false)
 5 SYSTEMPATH/Boot.php(334): CodeIgniter\CodeIgniter->run()
 6 SYSTEMPATH/Boot.php(67): CodeIgniter\Boot::runCodeIgniter(Object(CodeIgniter\CodeIgniter))
 7 FCPATH/index.php(56): CodeIgniter\Boot::bootWeb(Object(Config\Paths))
WARNING - 2025-03-13 13:14:32 --> [DEPRECATED] Creation of dynamic property CodeIgniter\View\View::$session is deprecated in APPPATH/Views/pages/quiz/result_display1.php on line 75.
 1 SYSTEMPATH/View/View.php(224): include('/Users/alanmartin/Sites/localhost/QuizApp/Ci4/app/Views/pages/quiz/result_display1.php')
 2 SYSTEMPATH/View/View.php(227): CodeIgniter\View\View->CodeIgniter\View\{closure}()
 3 SYSTEMPATH/Common.php(1173): CodeIgniter\View\View->render('pages/quiz/result_display1', [], true)
 4 APPPATH/Controllers/Quiz.php(117): view('pages/quiz/result_display1')
 5 SYSTEMPATH/CodeIgniter.php(933): App\Controllers\Quiz->resultDisplay()
 6 SYSTEMPATH/CodeIgniter.php(507): CodeIgniter\CodeIgniter->runController(Object(App\Controllers\Quiz))
 7 SYSTEMPATH/CodeIgniter.php(354): CodeIgniter\CodeIgniter->handleRequest(null, Object(Config\Cache), false)
 8 SYSTEMPATH/Boot.php(334): CodeIgniter\CodeIgniter->run()
 9 SYSTEMPATH/Boot.php(67): CodeIgniter\Boot::runCodeIgniter(Object(CodeIgniter\CodeIgniter))
10 FCPATH/index.php(56): CodeIgniter\Boot::bootWeb(Object(Config\Paths))
DEBUG - 2025-03-13 13:14:32 --> Session: Class initialized using 'CodeIgniter\Session\Handlers\FileHandler' driver.
DEBUG - 2025-03-13 13:14:35 --> Session: Class initialized using 'CodeIgniter\Session\Handlers\FileHandler' driver.
WARNING - 2025-03-13 13:14:35 --> [DEPRECATED] Creation of dynamic property App\Controllers\Quiz::$db is deprecated in APPPATH/Controllers/Quiz.php on line 35.
 1 SYSTEMPATH/CodeIgniter.php(903): App\Controllers\Quiz->__construct()
 2 SYSTEMPATH/CodeIgniter.php(498): CodeIgniter\CodeIgniter->createController()
 3 SYSTEMPATH/CodeIgniter.php(354): CodeIgniter\CodeIgniter->handleRequest(null, Object(Config\Cache), false)
 4 SYSTEMPATH/Boot.php(334): CodeIgniter\CodeIgniter->run()
 5 SYSTEMPATH/Boot.php(67): CodeIgniter\Boot::runCodeIgniter(Object(CodeIgniter\CodeIgniter))
 6 FCPATH/index.php(56): CodeIgniter\Boot::bootWeb(Object(Config\Paths))
WARNING - 2025-03-13 13:14:35 --> Session: Sessions is enabled, and one exists. Please don't $session->start();
WARNING - 2025-03-13 13:14:35 --> [DEPRECATED] Creation of dynamic property CodeIgniter\View\View::$session is deprecated in APPPATH/Views/pages/result/submit_results.php on line 5.
 1 SYSTEMPATH/View/View.php(224): include('/Users/alanmartin/Sites/localhost/QuizApp/Ci4/app/Views/pages/result/submit_results.php')
 2 SYSTEMPATH/View/View.php(227): CodeIgniter\View\View->CodeIgniter\View\{closure}()
 3 SYSTEMPATH/Common.php(1173): CodeIgniter\View\View->render('pages/result/submit_results', [], true)
 4 APPPATH/Controllers/Quiz.php(382): view('pages/result/submit_results')
 5 APPPATH/Controllers/Quiz.php(405): App\Controllers\Quiz->submit_results_form()
 6 SYSTEMPATH/CodeIgniter.php(933): App\Controllers\Quiz->submit_results()
 7 SYSTEMPATH/CodeIgniter.php(507): CodeIgniter\CodeIgniter->runController(Object(App\Controllers\Quiz))
 8 SYSTEMPATH/CodeIgniter.php(354): CodeIgniter\CodeIgniter->handleRequest(null, Object(Config\Cache), false)
 9 SYSTEMPATH/Boot.php(334): CodeIgniter\CodeIgniter->run()
10 SYSTEMPATH/Boot.php(67): CodeIgniter\Boot::runCodeIgniter(Object(CodeIgniter\CodeIgniter))
11 FCPATH/index.php(56): CodeIgniter\Boot::bootWeb(Object(Config\Paths))
DEBUG - 2025-03-13 13:14:35 --> Session: Class initialized using 'CodeIgniter\Session\Handlers\FileHandler' driver.
DEBUG - 2025-03-13 13:14:38 --> Session: Class initialized using 'CodeIgniter\Session\Handlers\FileHandler' driver.
WARNING - 2025-03-13 13:14:38 --> Session: Sessions is enabled, and one exists. Please don't $session->start();
DEBUG - 2025-03-13 13:14:38 --> Session: Class initialized using 'CodeIgniter\Session\Handlers\FileHandler' driver.
DEBUG - 2025-03-13 13:40:56 --> Session: Class initialized using 'CodeIgniter\Session\Handlers\FileHandler' driver.
WARNING - 2025-03-13 13:40:56 --> Session: Sessions is enabled, and one exists. Please don't $session->start();
DEBUG - 2025-03-13 13:40:57 --> Session: Class initialized using 'CodeIgniter\Session\Handlers\FileHandler' driver.
DEBUG - 2025-03-13 13:41:00 --> Session: Class initialized using 'CodeIgniter\Session\Handlers\FileHandler' driver.
DEBUG - 2025-03-13 13:41:00 --> Session: Class initialized using 'CodeIgniter\Session\Handlers\FileHandler' driver.
DEBUG - 2025-03-13 13:41:03 --> Session: Class initialized using 'CodeIgniter\Session\Handlers\FileHandler' driver.
WARNING - 2025-03-13 13:41:03 --> Session: Sessions is enabled, and one exists. Please don't $session->start();
DEBUG - 2025-03-13 13:41:03 --> Session: Class initialized using 'CodeIgniter\Session\Handlers\FileHandler' driver.
DEBUG - 2025-03-13 13:41:06 --> Session: Class initialized using 'CodeIgniter\Session\Handlers\FileHandler' driver.
WARNING - 2025-03-13 13:41:06 --> [DEPRECATED] Creation of dynamic property App\Controllers\Quiz::$db is deprecated in APPPATH/Controllers/Quiz.php on line 35.
 1 SYSTEMPATH/CodeIgniter.php(903): App\Controllers\Quiz->__construct()
 2 SYSTEMPATH/CodeIgniter.php(498): CodeIgniter\CodeIgniter->createController()
 3 SYSTEMPATH/CodeIgniter.php(354): CodeIgniter\CodeIgniter->handleRequest(null, Object(Config\Cache), false)
 4 SYSTEMPATH/Boot.php(334): CodeIgniter\CodeIgniter->run()
 5 SYSTEMPATH/Boot.php(67): CodeIgniter\Boot::runCodeIgniter(Object(CodeIgniter\CodeIgniter))
 6 FCPATH/index.php(56): CodeIgniter\Boot::bootWeb(Object(Config\Paths))
WARNING - 2025-03-13 13:41:06 --> Session: Sessions is enabled, and one exists. Please don't $session->start();
WARNING - 2025-03-13 13:41:06 --> [DEPRECATED] Creation of dynamic property App\Models\QuizModel::$request is deprecated in APPPATH/Models/QuizModel.php on line 152.
 1 APPPATH/Controllers/Quiz.php(450): App\Models\QuizModel->get_teachers_names()
 2 SYSTEMPATH/CodeIgniter.php(933): App\Controllers\Quiz->find_teacher()
 3 SYSTEMPATH/CodeIgniter.php(507): CodeIgniter\CodeIgniter->runController(Object(App\Controllers\Quiz))
 4 SYSTEMPATH/CodeIgniter.php(354): CodeIgniter\CodeIgniter->handleRequest(null, Object(Config\Cache), false)
 5 SYSTEMPATH/Boot.php(334): CodeIgniter\CodeIgniter->run()
 6 SYSTEMPATH/Boot.php(67): CodeIgniter\Boot::runCodeIgniter(Object(CodeIgniter\CodeIgniter))
 7 FCPATH/index.php(56): CodeIgniter\Boot::bootWeb(Object(Config\Paths))
DEBUG - 2025-03-13 13:41:06 --> Session: Class initialized using 'CodeIgniter\Session\Handlers\FileHandler' driver.
