DEBUG - 2025-01-30 12:27:03 --> Session: Class initialized using 'CodeIgniter\Session\Handlers\FileHandler' driver.
WARNING - 2025-01-30 12:27:03 --> Session: Sessions is enabled, and one exists. Please don't $session->start();
DEBUG - 2025-01-30 12:27:03 --> Session: Class initialized using 'CodeIgniter\Session\Handlers\FileHandler' driver.
DEBUG - 2025-01-30 12:27:05 --> Session: Class initialized using 'CodeIgniter\Session\Handlers\FileHandler' driver.
DEBUG - 2025-01-30 12:27:05 --> Session: Class initialized using 'CodeIgniter\Session\Handlers\FileHandler' driver.
DEBUG - 2025-01-30 12:27:11 --> Session: Class initialized using 'CodeIgniter\Session\Handlers\FileHandler' driver.
DEBUG - 2025-01-30 12:27:11 --> Session: Class initialized using 'CodeIgniter\Session\Handlers\FileHandler' driver.
WARNING - 2025-01-30 12:27:11 --> [DEPRECATED] Creation of dynamic property App\Controllers\Quiz::$db is deprecated in APPPATH/Controllers/Quiz.php on line 35.
 1 SYSTEMPATH/CodeIgniter.php(903): App\Controllers\Quiz->__construct()
 2 SYSTEMPATH/CodeIgniter.php(498): CodeIgniter\CodeIgniter->createController()
 3 SYSTEMPATH/CodeIgniter.php(354): CodeIgniter\CodeIgniter->handleRequest(null, Object(Config\Cache), false)
 4 SYSTEMPATH/Boot.php(334): CodeIgniter\CodeIgniter->run()
 5 SYSTEMPATH/Boot.php(67): CodeIgniter\Boot::runCodeIgniter(Object(CodeIgniter\CodeIgniter))
 6 FCPATH/index.php(56): CodeIgniter\Boot::bootWeb(Object(Config\Paths))
WARNING - 2025-01-30 12:27:11 --> Session: Sessions is enabled, and one exists. Please don't $session->start();
WARNING - 2025-01-30 12:27:11 --> [DEPRECATED] Creation of dynamic property App\Controllers\Quiz::$user is deprecated in APPPATH/Controllers/Quiz.php on line 41.
 1 SYSTEMPATH/CodeIgniter.php(903): App\Controllers\Quiz->__construct()
 2 SYSTEMPATH/CodeIgniter.php(498): CodeIgniter\CodeIgniter->createController()
 3 SYSTEMPATH/CodeIgniter.php(354): CodeIgniter\CodeIgniter->handleRequest(null, Object(Config\Cache), false)
 4 SYSTEMPATH/Boot.php(334): CodeIgniter\CodeIgniter->run()
 5 SYSTEMPATH/Boot.php(67): CodeIgniter\Boot::runCodeIgniter(Object(CodeIgniter\CodeIgniter))
 6 FCPATH/index.php(56): CodeIgniter\Boot::bootWeb(Object(Config\Paths))
WARNING - 2025-01-30 12:27:11 --> [DEPRECATED] Creation of dynamic property App\Controllers\Quiz::$user_id is deprecated in APPPATH/Controllers/Quiz.php on line 42.
 1 SYSTEMPATH/CodeIgniter.php(903): App\Controllers\Quiz->__construct()
 2 SYSTEMPATH/CodeIgniter.php(498): CodeIgniter\CodeIgniter->createController()
 3 SYSTEMPATH/CodeIgniter.php(354): CodeIgniter\CodeIgniter->handleRequest(null, Object(Config\Cache), false)
 4 SYSTEMPATH/Boot.php(334): CodeIgniter\CodeIgniter->run()
 5 SYSTEMPATH/Boot.php(67): CodeIgniter\Boot::runCodeIgniter(Object(CodeIgniter\CodeIgniter))
 6 FCPATH/index.php(56): CodeIgniter\Boot::bootWeb(Object(Config\Paths))
WARNING - 2025-01-30 12:27:11 --> [DEPRECATED] Creation of dynamic property App\Models\QuizModel::$user is deprecated in APPPATH/Models/QuizModel.php on line 109.
 1 APPPATH/Controllers/Quiz.php(299): App\Models\QuizModel->get_quiz()
 2 SYSTEMPATH/CodeIgniter.php(933): App\Controllers\Quiz->display()
 3 SYSTEMPATH/CodeIgniter.php(507): CodeIgniter\CodeIgniter->runController(Object(App\Controllers\Quiz))
 4 SYSTEMPATH/CodeIgniter.php(354): CodeIgniter\CodeIgniter->handleRequest(null, Object(Config\Cache), false)
 5 SYSTEMPATH/Boot.php(334): CodeIgniter\CodeIgniter->run()
 6 SYSTEMPATH/Boot.php(67): CodeIgniter\Boot::runCodeIgniter(Object(CodeIgniter\CodeIgniter))
 7 FCPATH/index.php(56): CodeIgniter\Boot::bootWeb(Object(Config\Paths))
DEBUG - 2025-01-30 12:27:11 --> Session: Class initialized using 'CodeIgniter\Session\Handlers\FileHandler' driver.
DEBUG - 2025-01-30 12:27:16 --> Session: Class initialized using 'CodeIgniter\Session\Handlers\FileHandler' driver.
DEBUG - 2025-01-30 12:27:16 --> Session: Class initialized using 'CodeIgniter\Session\Handlers\FileHandler' driver.
DEBUG - 2025-01-30 12:27:20 --> Session: Class initialized using 'CodeIgniter\Session\Handlers\FileHandler' driver.
DEBUG - 2025-01-30 12:27:20 --> Session: Class initialized using 'CodeIgniter\Session\Handlers\FileHandler' driver.
DEBUG - 2025-01-30 12:27:20 --> Session: Class initialized using 'CodeIgniter\Session\Handlers\FileHandler' driver.
DEBUG - 2025-01-30 12:27:22 --> Session: Class initialized using 'CodeIgniter\Session\Handlers\FileHandler' driver.
WARNING - 2025-01-30 12:27:22 --> [DEPRECATED] Creation of dynamic property App\Controllers\Quiz::$db is deprecated in APPPATH/Controllers/Quiz.php on line 35.
 1 SYSTEMPATH/CodeIgniter.php(903): App\Controllers\Quiz->__construct()
 2 SYSTEMPATH/CodeIgniter.php(498): CodeIgniter\CodeIgniter->createController()
 3 SYSTEMPATH/CodeIgniter.php(354): CodeIgniter\CodeIgniter->handleRequest(null, Object(Config\Cache), false)
 4 SYSTEMPATH/Boot.php(334): CodeIgniter\CodeIgniter->run()
 5 SYSTEMPATH/Boot.php(67): CodeIgniter\Boot::runCodeIgniter(Object(CodeIgniter\CodeIgniter))
 6 FCPATH/index.php(56): CodeIgniter\Boot::bootWeb(Object(Config\Paths))
WARNING - 2025-01-30 12:27:22 --> Session: Sessions is enabled, and one exists. Please don't $session->start();
WARNING - 2025-01-30 12:27:22 --> [DEPRECATED] Creation of dynamic property App\Controllers\Quiz::$user is deprecated in APPPATH/Controllers/Quiz.php on line 41.
 1 SYSTEMPATH/CodeIgniter.php(903): App\Controllers\Quiz->__construct()
 2 SYSTEMPATH/CodeIgniter.php(498): CodeIgniter\CodeIgniter->createController()
 3 SYSTEMPATH/CodeIgniter.php(354): CodeIgniter\CodeIgniter->handleRequest(null, Object(Config\Cache), false)
 4 SYSTEMPATH/Boot.php(334): CodeIgniter\CodeIgniter->run()
 5 SYSTEMPATH/Boot.php(67): CodeIgniter\Boot::runCodeIgniter(Object(CodeIgniter\CodeIgniter))
 6 FCPATH/index.php(56): CodeIgniter\Boot::bootWeb(Object(Config\Paths))
WARNING - 2025-01-30 12:27:22 --> [DEPRECATED] Creation of dynamic property App\Controllers\Quiz::$user_id is deprecated in APPPATH/Controllers/Quiz.php on line 42.
 1 SYSTEMPATH/CodeIgniter.php(903): App\Controllers\Quiz->__construct()
 2 SYSTEMPATH/CodeIgniter.php(498): CodeIgniter\CodeIgniter->createController()
 3 SYSTEMPATH/CodeIgniter.php(354): CodeIgniter\CodeIgniter->handleRequest(null, Object(Config\Cache), false)
 4 SYSTEMPATH/Boot.php(334): CodeIgniter\CodeIgniter->run()
 5 SYSTEMPATH/Boot.php(67): CodeIgniter\Boot::runCodeIgniter(Object(CodeIgniter\CodeIgniter))
 6 FCPATH/index.php(56): CodeIgniter\Boot::bootWeb(Object(Config\Paths))
WARNING - 2025-01-30 12:27:22 --> [DEPRECATED] Creation of dynamic property App\Models\QuizModel::$user is deprecated in APPPATH/Models/QuizModel.php on line 109.
 1 APPPATH/Controllers/Quiz.php(299): App\Models\QuizModel->get_quiz()
 2 SYSTEMPATH/CodeIgniter.php(933): App\Controllers\Quiz->display()
 3 SYSTEMPATH/CodeIgniter.php(507): CodeIgniter\CodeIgniter->runController(Object(App\Controllers\Quiz))
 4 SYSTEMPATH/CodeIgniter.php(354): CodeIgniter\CodeIgniter->handleRequest(null, Object(Config\Cache), false)
 5 SYSTEMPATH/Boot.php(334): CodeIgniter\CodeIgniter->run()
 6 SYSTEMPATH/Boot.php(67): CodeIgniter\Boot::runCodeIgniter(Object(CodeIgniter\CodeIgniter))
 7 FCPATH/index.php(56): CodeIgniter\Boot::bootWeb(Object(Config\Paths))
DEBUG - 2025-01-30 12:27:22 --> Session: Class initialized using 'CodeIgniter\Session\Handlers\FileHandler' driver.
DEBUG - 2025-01-30 12:27:25 --> Session: Class initialized using 'CodeIgniter\Session\Handlers\FileHandler' driver.
WARNING - 2025-01-30 12:27:25 --> Session: Sessions is enabled, and one exists. Please don't $session->start();
DEBUG - 2025-01-30 12:27:25 --> Session: Class initialized using 'CodeIgniter\Session\Handlers\FileHandler' driver.
DEBUG - 2025-01-30 12:28:16 --> Session: Class initialized using 'CodeIgniter\Session\Handlers\FileHandler' driver.
WARNING - 2025-01-30 12:28:16 --> Session: Sessions is enabled, and one exists. Please don't $session->start();
DEBUG - 2025-01-30 12:28:16 --> Session: Class initialized using 'CodeIgniter\Session\Handlers\FileHandler' driver.
DEBUG - 2025-01-30 12:28:18 --> Session: Class initialized using 'CodeIgniter\Session\Handlers\FileHandler' driver.
WARNING - 2025-01-30 12:28:18 --> [DEPRECATED] Creation of dynamic property App\Controllers\Quiz::$db is deprecated in APPPATH/Controllers/Quiz.php on line 35.
 1 SYSTEMPATH/CodeIgniter.php(903): App\Controllers\Quiz->__construct()
 2 SYSTEMPATH/CodeIgniter.php(498): CodeIgniter\CodeIgniter->createController()
 3 SYSTEMPATH/CodeIgniter.php(354): CodeIgniter\CodeIgniter->handleRequest(null, Object(Config\Cache), false)
 4 SYSTEMPATH/Boot.php(334): CodeIgniter\CodeIgniter->run()
 5 SYSTEMPATH/Boot.php(67): CodeIgniter\Boot::runCodeIgniter(Object(CodeIgniter\CodeIgniter))
 6 FCPATH/index.php(56): CodeIgniter\Boot::bootWeb(Object(Config\Paths))
WARNING - 2025-01-30 12:28:18 --> Session: Sessions is enabled, and one exists. Please don't $session->start();
WARNING - 2025-01-30 12:28:18 --> [DEPRECATED] Creation of dynamic property App\Models\QuizModel::$request is deprecated in APPPATH/Models/QuizModel.php on line 152.
 1 APPPATH/Controllers/Quiz.php(450): App\Models\QuizModel->get_teachers_names()
 2 SYSTEMPATH/CodeIgniter.php(933): App\Controllers\Quiz->find_teacher()
 3 SYSTEMPATH/CodeIgniter.php(507): CodeIgniter\CodeIgniter->runController(Object(App\Controllers\Quiz))
 4 SYSTEMPATH/CodeIgniter.php(354): CodeIgniter\CodeIgniter->handleRequest(null, Object(Config\Cache), false)
 5 SYSTEMPATH/Boot.php(334): CodeIgniter\CodeIgniter->run()
 6 SYSTEMPATH/Boot.php(67): CodeIgniter\Boot::runCodeIgniter(Object(CodeIgniter\CodeIgniter))
 7 FCPATH/index.php(56): CodeIgniter\Boot::bootWeb(Object(Config\Paths))
DEBUG - 2025-01-30 12:28:18 --> Session: Class initialized using 'CodeIgniter\Session\Handlers\FileHandler' driver.
DEBUG - 2025-01-30 12:28:22 --> Session: Class initialized using 'CodeIgniter\Session\Handlers\FileHandler' driver.
WARNING - 2025-01-30 12:28:22 --> [DEPRECATED] Creation of dynamic property App\Controllers\Quiz::$db is deprecated in APPPATH/Controllers/Quiz.php on line 35.
 1 SYSTEMPATH/CodeIgniter.php(903): App\Controllers\Quiz->__construct()
 2 SYSTEMPATH/CodeIgniter.php(498): CodeIgniter\CodeIgniter->createController()
 3 SYSTEMPATH/CodeIgniter.php(354): CodeIgniter\CodeIgniter->handleRequest(null, Object(Config\Cache), false)
 4 SYSTEMPATH/Boot.php(334): CodeIgniter\CodeIgniter->run()
 5 SYSTEMPATH/Boot.php(67): CodeIgniter\Boot::runCodeIgniter(Object(CodeIgniter\CodeIgniter))
 6 FCPATH/index.php(56): CodeIgniter\Boot::bootWeb(Object(Config\Paths))
WARNING - 2025-01-30 12:28:22 --> Session: Sessions is enabled, and one exists. Please don't $session->start();
WARNING - 2025-01-30 12:28:22 --> [DEPRECATED] Creation of dynamic property App\Models\QuizModel::$request is deprecated in APPPATH/Models/QuizModel.php on line 127.
 1 APPPATH/Controllers/Quiz.php(75): App\Models\QuizModel->get_teachers_quiz()
 2 SYSTEMPATH/CodeIgniter.php(933): App\Controllers\Quiz->find_teachers_quiz()
 3 SYSTEMPATH/CodeIgniter.php(507): CodeIgniter\CodeIgniter->runController(Object(App\Controllers\Quiz))
 4 SYSTEMPATH/CodeIgniter.php(354): CodeIgniter\CodeIgniter->handleRequest(null, Object(Config\Cache), false)
 5 SYSTEMPATH/Boot.php(334): CodeIgniter\CodeIgniter->run()
 6 SYSTEMPATH/Boot.php(67): CodeIgniter\Boot::runCodeIgniter(Object(CodeIgniter\CodeIgniter))
 7 FCPATH/index.php(56): CodeIgniter\Boot::bootWeb(Object(Config\Paths))
WARNING - 2025-01-30 12:28:22 --> [DEPRECATED] Creation of dynamic property CodeIgniter\View\View::$session is deprecated in APPPATH/Views/pages/quiz/take_quiz.php on line 5.
 1 SYSTEMPATH/View/View.php(224): include('/Users/alanmartin/Sites/localhost/QuizApp/Ci4/app/Views/pages/quiz/take_quiz.php')
 2 SYSTEMPATH/View/View.php(227): CodeIgniter\View\View->CodeIgniter\View\{closure}()
 3 SYSTEMPATH/Common.php(1173): CodeIgniter\View\View->render('pages/quiz/take_quiz', [], true)
 4 APPPATH/Controllers/Quiz.php(77): view('pages/quiz/take_quiz', [...])
 5 SYSTEMPATH/CodeIgniter.php(933): App\Controllers\Quiz->find_teachers_quiz()
 6 SYSTEMPATH/CodeIgniter.php(507): CodeIgniter\CodeIgniter->runController(Object(App\Controllers\Quiz))
 7 SYSTEMPATH/CodeIgniter.php(354): CodeIgniter\CodeIgniter->handleRequest(null, Object(Config\Cache), false)
 8 SYSTEMPATH/Boot.php(334): CodeIgniter\CodeIgniter->run()
 9 SYSTEMPATH/Boot.php(67): CodeIgniter\Boot::runCodeIgniter(Object(CodeIgniter\CodeIgniter))
10 FCPATH/index.php(56): CodeIgniter\Boot::bootWeb(Object(Config\Paths))
DEBUG - 2025-01-30 12:28:22 --> Session: Class initialized using 'CodeIgniter\Session\Handlers\FileHandler' driver.
DEBUG - 2025-01-30 12:28:35 --> Session: Class initialized using 'CodeIgniter\Session\Handlers\FileHandler' driver.
WARNING - 2025-01-30 12:28:35 --> [DEPRECATED] Creation of dynamic property App\Controllers\Quiz::$db is deprecated in APPPATH/Controllers/Quiz.php on line 35.
 1 SYSTEMPATH/CodeIgniter.php(903): App\Controllers\Quiz->__construct()
 2 SYSTEMPATH/CodeIgniter.php(498): CodeIgniter\CodeIgniter->createController()
 3 SYSTEMPATH/CodeIgniter.php(354): CodeIgniter\CodeIgniter->handleRequest(null, Object(Config\Cache), false)
 4 SYSTEMPATH/Boot.php(334): CodeIgniter\CodeIgniter->run()
 5 SYSTEMPATH/Boot.php(67): CodeIgniter\Boot::runCodeIgniter(Object(CodeIgniter\CodeIgniter))
 6 FCPATH/index.php(56): CodeIgniter\Boot::bootWeb(Object(Config\Paths))
WARNING - 2025-01-30 12:28:35 --> Session: Sessions is enabled, and one exists. Please don't $session->start();
WARNING - 2025-01-30 12:28:35 --> [DEPRECATED] Creation of dynamic property App\Models\QuizModel::$request is deprecated in APPPATH/Models/QuizModel.php on line 83.
 1 APPPATH/Controllers/Quiz.php(144): App\Models\QuizModel->getQuestions()
 2 SYSTEMPATH/CodeIgniter.php(933): App\Controllers\Quiz->resultDisplay()
 3 SYSTEMPATH/CodeIgniter.php(507): CodeIgniter\CodeIgniter->runController(Object(App\Controllers\Quiz))
 4 SYSTEMPATH/CodeIgniter.php(354): CodeIgniter\CodeIgniter->handleRequest(null, Object(Config\Cache), false)
 5 SYSTEMPATH/Boot.php(334): CodeIgniter\CodeIgniter->run()
 6 SYSTEMPATH/Boot.php(67): CodeIgniter\Boot::runCodeIgniter(Object(CodeIgniter\CodeIgniter))
 7 FCPATH/index.php(56): CodeIgniter\Boot::bootWeb(Object(Config\Paths))
WARNING - 2025-01-30 12:28:35 --> [DEPRECATED] Creation of dynamic property CodeIgniter\View\View::$session is deprecated in APPPATH/Views/pages/quiz/result_display2.php on line 75.
 1 SYSTEMPATH/View/View.php(224): include('/Users/alanmartin/Sites/localhost/QuizApp/Ci4/app/Views/pages/quiz/result_display2.php')
 2 SYSTEMPATH/View/View.php(227): CodeIgniter\View\View->CodeIgniter\View\{closure}()
 3 SYSTEMPATH/Common.php(1173): CodeIgniter\View\View->render('pages/quiz/result_display2', [], true)
 4 APPPATH/Controllers/Quiz.php(146): view('pages/quiz/result_display2')
 5 SYSTEMPATH/CodeIgniter.php(933): App\Controllers\Quiz->resultDisplay()
 6 SYSTEMPATH/CodeIgniter.php(507): CodeIgniter\CodeIgniter->runController(Object(App\Controllers\Quiz))
 7 SYSTEMPATH/CodeIgniter.php(354): CodeIgniter\CodeIgniter->handleRequest(null, Object(Config\Cache), false)
 8 SYSTEMPATH/Boot.php(334): CodeIgniter\CodeIgniter->run()
 9 SYSTEMPATH/Boot.php(67): CodeIgniter\Boot::runCodeIgniter(Object(CodeIgniter\CodeIgniter))
10 FCPATH/index.php(56): CodeIgniter\Boot::bootWeb(Object(Config\Paths))
DEBUG - 2025-01-30 12:28:35 --> Session: Class initialized using 'CodeIgniter\Session\Handlers\FileHandler' driver.
DEBUG - 2025-01-30 12:28:37 --> Session: Class initialized using 'CodeIgniter\Session\Handlers\FileHandler' driver.
WARNING - 2025-01-30 12:28:37 --> Session: Sessions is enabled, and one exists. Please don't $session->start();
DEBUG - 2025-01-30 12:28:37 --> Session: Class initialized using 'CodeIgniter\Session\Handlers\FileHandler' driver.
